mode: set
DEMOX_ADMINAUTH/internal/app/admin/api/create.go:20.78,22.2 1 0
DEMOX_ADMINAUTH/internal/app/admin/api/create.go:32.37,37.16 3 0
DEMOX_ADMINAUTH/internal/app/admin/api/create.go:37.16,39.3 1 0
DEMOX_ADMINAUTH/internal/app/admin/api/create.go:41.2,42.16 2 0
DEMOX_ADMINAUTH/internal/app/admin/api/create.go:42.16,44.3 1 0
DEMOX_ADMINAUTH/internal/app/admin/api/create.go:45.2,46.12 2 0
DEMOX_ADMINAUTH/internal/app/admin/api/create.go:49.65,52.39 2 0
DEMOX_ADMINAUTH/internal/app/admin/api/create.go:52.39,54.3 1 0
DEMOX_ADMINAUTH/internal/app/admin/api/create.go:56.2,57.28 2 0
DEMOX_ADMINAUTH/internal/app/admin/api/create.go:57.28,59.3 1 0
DEMOX_ADMINAUTH/internal/app/admin/api/create.go:60.2,60.40 1 0
DEMOX_ADMINAUTH/internal/app/admin/api/create.go:60.40,62.3 1 0
DEMOX_ADMINAUTH/internal/app/admin/api/create.go:63.2,63.12 1 0
DEMOX_ADMINAUTH/internal/app/admin/api/create.go:66.64,69.83 3 0
DEMOX_ADMINAUTH/internal/app/admin/api/create.go:69.83,71.3 1 0
DEMOX_ADMINAUTH/internal/app/admin/api/create.go:71.8,71.20 1 0
DEMOX_ADMINAUTH/internal/app/admin/api/create.go:71.20,73.3 1 0
DEMOX_ADMINAUTH/internal/app/admin/api/create.go:92.2,92.12 1 0
DEMOX_ADMINAUTH/internal/app/admin/api/del.go:20.75,22.2 1 0
DEMOX_ADMINAUTH/internal/app/admin/api/del.go:36.34,39.16 3 0
DEMOX_ADMINAUTH/internal/app/admin/api/del.go:39.16,41.3 1 0
DEMOX_ADMINAUTH/internal/app/admin/api/del.go:43.2,44.16 2 0
DEMOX_ADMINAUTH/internal/app/admin/api/del.go:44.16,46.3 1 0
DEMOX_ADMINAUTH/internal/app/admin/api/del.go:48.2,48.15 1 0
DEMOX_ADMINAUTH/internal/app/admin/api/del.go:48.15,50.3 1 0
DEMOX_ADMINAUTH/internal/app/admin/api/del.go:52.2,52.40 1 0
DEMOX_ADMINAUTH/internal/app/admin/api/del.go:52.40,54.3 1 0
DEMOX_ADMINAUTH/internal/app/admin/api/del.go:54.8,57.3 2 0
DEMOX_ADMINAUTH/internal/app/admin/api/del.go:60.46,64.38 4 0
DEMOX_ADMINAUTH/internal/app/admin/api/del.go:64.38,65.40 1 0
DEMOX_ADMINAUTH/internal/app/admin/api/del.go:65.40,67.4 1 0
DEMOX_ADMINAUTH/internal/app/admin/api/del.go:67.9,69.4 1 0
DEMOX_ADMINAUTH/internal/app/admin/api/del.go:71.2,71.40 1 0
DEMOX_ADMINAUTH/internal/app/admin/api/del.go:71.40,73.3 1 0
DEMOX_ADMINAUTH/internal/app/admin/api/del.go:74.2,74.12 1 0
DEMOX_ADMINAUTH/internal/app/admin/api/query.go:18.77,20.2 1 0
DEMOX_ADMINAUTH/internal/app/admin/api/query.go:36.36,38.16 2 0
DEMOX_ADMINAUTH/internal/app/admin/api/query.go:38.16,40.3 1 0
DEMOX_ADMINAUTH/internal/app/admin/api/query.go:40.8,43.3 2 0
DEMOX_ADMINAUTH/internal/app/admin/api/query.go:53.54,67.2 7 0
DEMOX_ADMINAUTH/internal/app/admin/api/resetPwd.go:29.80,31.2 1 0
DEMOX_ADMINAUTH/internal/app/admin/api/resetPwd.go:41.39,44.16 3 0
DEMOX_ADMINAUTH/internal/app/admin/api/resetPwd.go:44.16,46.3 1 0
DEMOX_ADMINAUTH/internal/app/admin/api/resetPwd.go:47.2,50.16 4 0
DEMOX_ADMINAUTH/internal/app/admin/api/resetPwd.go:50.16,52.3 1 0
DEMOX_ADMINAUTH/internal/app/admin/api/resetPwd.go:53.2,54.12 2 0
DEMOX_ADMINAUTH/internal/app/admin/api/resetPwd.go:57.85,60.16 2 0
DEMOX_ADMINAUTH/internal/app/admin/api/resetPwd.go:60.16,62.3 1 0
DEMOX_ADMINAUTH/internal/app/admin/api/resetPwd.go:63.2,63.20 1 0
DEMOX_ADMINAUTH/internal/app/admin/api/resetPwd.go:63.20,65.3 1 0
DEMOX_ADMINAUTH/internal/app/admin/api/resetPwd.go:67.2,68.84 2 0
DEMOX_ADMINAUTH/internal/app/admin/api/resetPwd.go:68.84,69.40 1 0
DEMOX_ADMINAUTH/internal/app/admin/api/resetPwd.go:69.40,71.4 1 0
DEMOX_ADMINAUTH/internal/app/admin/api/resetPwd.go:71.9,73.4 1 0
DEMOX_ADMINAUTH/internal/app/admin/api/resetPwd.go:76.2,85.22 6 0
DEMOX_ADMINAUTH/internal/app/admin/api/resetPwd.go:92.44,95.25 2 0
DEMOX_ADMINAUTH/internal/app/admin/api/resetPwd.go:95.25,98.3 2 0
DEMOX_ADMINAUTH/internal/app/admin/api/resetPwd.go:99.2,99.25 1 0
DEMOX_ADMINAUTH/internal/app/admin/api/resetPwd.go:99.25,102.3 2 0
DEMOX_ADMINAUTH/internal/app/admin/api/resetPwd.go:103.2,103.11 1 0
DEMOX_ADMINAUTH/internal/app/admin/api/update.go:23.78,25.2 1 0
DEMOX_ADMINAUTH/internal/app/admin/api/update.go:36.37,39.16 3 0
DEMOX_ADMINAUTH/internal/app/admin/api/update.go:39.16,41.3 1 0
DEMOX_ADMINAUTH/internal/app/admin/api/update.go:42.2,44.16 3 0
DEMOX_ADMINAUTH/internal/app/admin/api/update.go:44.16,46.3 1 0
DEMOX_ADMINAUTH/internal/app/admin/api/update.go:47.2,49.16 3 0
DEMOX_ADMINAUTH/internal/app/admin/api/update.go:49.16,51.3 1 0
DEMOX_ADMINAUTH/internal/app/admin/api/update.go:52.2,53.12 2 0
DEMOX_ADMINAUTH/internal/app/admin/api/update.go:55.71,59.54 4 0
DEMOX_ADMINAUTH/internal/app/admin/api/update.go:59.54,60.40 1 0
DEMOX_ADMINAUTH/internal/app/admin/api/update.go:60.40,62.4 1 0
DEMOX_ADMINAUTH/internal/app/admin/api/update.go:62.9,64.4 1 0
DEMOX_ADMINAUTH/internal/app/admin/api/update.go:66.2,67.16 2 0
DEMOX_ADMINAUTH/internal/app/admin/api/update.go:67.16,69.3 1 0
DEMOX_ADMINAUTH/internal/app/admin/api/update.go:71.2,71.18 1 0
DEMOX_ADMINAUTH/internal/app/admin/api/update.go:71.18,73.3 1 0
DEMOX_ADMINAUTH/internal/app/admin/api/update.go:83.2,83.124 1 0
DEMOX_ADMINAUTH/internal/app/admin/api/update.go:83.124,85.3 1 0
DEMOX_ADMINAUTH/internal/app/admin/api/update.go:87.2,87.72 1 0
DEMOX_ADMINAUTH/internal/app/admin/api/update.go:87.72,89.3 1 0
DEMOX_ADMINAUTH/internal/app/admin/api/update.go:91.2,91.12 1 0
DEMOX_ADMINAUTH/internal/app/admin/api/update.go:94.70,96.20 2 0
DEMOX_ADMINAUTH/internal/app/admin/api/update.go:96.20,97.112 1 0
DEMOX_ADMINAUTH/internal/app/admin/api/update.go:97.112,99.4 1 0
DEMOX_ADMINAUTH/internal/app/admin/api/update.go:99.9,99.21 1 0
DEMOX_ADMINAUTH/internal/app/admin/api/update.go:99.21,101.4 1 0
DEMOX_ADMINAUTH/internal/app/admin/api/update.go:104.2,104.20 1 0
DEMOX_ADMINAUTH/internal/app/admin/api/update.go:104.20,105.111 1 0
DEMOX_ADMINAUTH/internal/app/admin/api/update.go:105.111,107.4 1 0
DEMOX_ADMINAUTH/internal/app/admin/api/update.go:107.9,107.21 1 0
DEMOX_ADMINAUTH/internal/app/admin/api/update.go:107.21,109.4 1 0
DEMOX_ADMINAUTH/internal/app/admin/api/update.go:112.2,112.12 1 0
DEMOX_ADMINAUTH/internal/app/auth/api/create.go:18.77,20.2 1 0
DEMOX_ADMINAUTH/internal/app/auth/api/create.go:30.36,34.16 3 0
DEMOX_ADMINAUTH/internal/app/auth/api/create.go:34.16,36.3 1 0
DEMOX_ADMINAUTH/internal/app/auth/api/create.go:38.2,39.16 2 0
DEMOX_ADMINAUTH/internal/app/auth/api/create.go:39.16,41.3 1 0
DEMOX_ADMINAUTH/internal/app/auth/api/create.go:43.2,45.12 3 0
DEMOX_ADMINAUTH/internal/app/auth/api/create.go:48.62,52.78 3 0
DEMOX_ADMINAUTH/internal/app/auth/api/create.go:52.78,54.3 1 0
DEMOX_ADMINAUTH/internal/app/auth/api/create.go:56.2,56.40 1 0
DEMOX_ADMINAUTH/internal/app/auth/api/create.go:56.40,58.3 1 0
DEMOX_ADMINAUTH/internal/app/auth/api/create.go:59.2,59.12 1 0
DEMOX_ADMINAUTH/internal/app/auth/api/delete.go:19.74,21.2 1 0
DEMOX_ADMINAUTH/internal/app/auth/api/delete.go:34.33,37.16 3 0
DEMOX_ADMINAUTH/internal/app/auth/api/delete.go:37.16,39.3 1 0
DEMOX_ADMINAUTH/internal/app/auth/api/delete.go:41.2,41.40 1 0
DEMOX_ADMINAUTH/internal/app/auth/api/delete.go:41.40,43.3 1 0
DEMOX_ADMINAUTH/internal/app/auth/api/delete.go:43.8,47.3 3 0
DEMOX_ADMINAUTH/internal/app/auth/api/delete.go:50.45,54.38 4 0
DEMOX_ADMINAUTH/internal/app/auth/api/delete.go:54.38,55.40 1 0
DEMOX_ADMINAUTH/internal/app/auth/api/delete.go:55.40,57.4 1 0
DEMOX_ADMINAUTH/internal/app/auth/api/delete.go:57.9,59.4 1 0
DEMOX_ADMINAUTH/internal/app/auth/api/delete.go:61.2,62.92 2 0
DEMOX_ADMINAUTH/internal/app/auth/api/delete.go:62.92,64.3 1 0
DEMOX_ADMINAUTH/internal/app/auth/api/delete.go:66.2,66.13 1 0
DEMOX_ADMINAUTH/internal/app/auth/api/delete.go:66.13,68.3 1 0
DEMOX_ADMINAUTH/internal/app/auth/api/delete.go:70.2,70.40 1 0
DEMOX_ADMINAUTH/internal/app/auth/api/delete.go:70.40,72.3 1 0
DEMOX_ADMINAUTH/internal/app/auth/api/delete.go:73.2,73.12 1 0
DEMOX_ADMINAUTH/internal/app/auth/api/getUrl.go:20.77,22.2 1 0
DEMOX_ADMINAUTH/internal/app/auth/api/getUrl.go:31.36,34.2 2 0
DEMOX_ADMINAUTH/internal/app/auth/api/query.go:17.76,19.2 1 0
DEMOX_ADMINAUTH/internal/app/auth/api/query.go:29.35,32.16 2 0
DEMOX_ADMINAUTH/internal/app/auth/api/query.go:32.16,34.3 1 0
DEMOX_ADMINAUTH/internal/app/auth/api/query.go:34.8,37.3 2 0
DEMOX_ADMINAUTH/internal/app/auth/api/query.go:44.53,49.16 4 0
DEMOX_ADMINAUTH/internal/app/auth/api/query.go:49.16,50.161 1 0
DEMOX_ADMINAUTH/internal/app/auth/api/query.go:50.161,52.4 1 0
DEMOX_ADMINAUTH/internal/app/auth/api/query.go:53.8,54.127 1 0
DEMOX_ADMINAUTH/internal/app/auth/api/query.go:54.127,56.4 1 0
DEMOX_ADMINAUTH/internal/app/auth/api/query.go:59.2,59.17 1 0
DEMOX_ADMINAUTH/internal/app/auth/api/update.go:19.77,21.2 1 0
DEMOX_ADMINAUTH/internal/app/auth/api/update.go:32.36,35.16 3 0
DEMOX_ADMINAUTH/internal/app/auth/api/update.go:35.16,37.3 1 0
DEMOX_ADMINAUTH/internal/app/auth/api/update.go:38.2,40.16 3 0
DEMOX_ADMINAUTH/internal/app/auth/api/update.go:40.16,42.3 1 0
DEMOX_ADMINAUTH/internal/app/auth/api/update.go:43.2,45.16 3 0
DEMOX_ADMINAUTH/internal/app/auth/api/update.go:45.16,47.3 1 0
DEMOX_ADMINAUTH/internal/app/auth/api/update.go:49.2,51.12 3 0
DEMOX_ADMINAUTH/internal/app/auth/api/update.go:54.68,58.54 4 0
DEMOX_ADMINAUTH/internal/app/auth/api/update.go:58.54,59.40 1 0
DEMOX_ADMINAUTH/internal/app/auth/api/update.go:59.40,61.4 1 0
DEMOX_ADMINAUTH/internal/app/auth/api/update.go:61.9,63.4 1 0
DEMOX_ADMINAUTH/internal/app/auth/api/update.go:66.2,66.41 1 0
DEMOX_ADMINAUTH/internal/app/auth/api/update.go:66.41,68.3 1 0
DEMOX_ADMINAUTH/internal/app/auth/api/update.go:69.2,69.12 1 0
DEMOX_ADMINAUTH/internal/app/my/api/getAuth.go:27.73,29.2 1 0
DEMOX_ADMINAUTH/internal/app/my/api/getAuth.go:43.32,46.16 2 0
DEMOX_ADMINAUTH/internal/app/my/api/getAuth.go:46.16,48.3 1 0
DEMOX_ADMINAUTH/internal/app/my/api/getAuth.go:49.2,51.22 3 0
DEMOX_ADMINAUTH/internal/app/my/api/getAuth.go:51.22,54.95 1 0
DEMOX_ADMINAUTH/internal/app/my/api/getAuth.go:54.95,55.41 1 0
DEMOX_ADMINAUTH/internal/app/my/api/getAuth.go:55.41,57.5 1 0
DEMOX_ADMINAUTH/internal/app/my/api/getAuth.go:58.4,58.18 1 0
DEMOX_ADMINAUTH/internal/app/my/api/getAuth.go:60.3,61.27 2 0
DEMOX_ADMINAUTH/internal/app/my/api/getAuth.go:61.27,65.4 3 0
DEMOX_ADMINAUTH/internal/app/my/api/getAuth.go:66.8,67.15 1 0
DEMOX_ADMINAUTH/internal/app/my/api/getAuth.go:67.15,71.4 3 0
DEMOX_ADMINAUTH/internal/app/my/api/getAuth.go:73.2,74.22 2 0
DEMOX_ADMINAUTH/internal/app/my/api/getAuth.go:74.22,75.20 1 0
DEMOX_ADMINAUTH/internal/app/my/api/getAuth.go:75.20,76.96 1 0
DEMOX_ADMINAUTH/internal/app/my/api/getAuth.go:76.96,77.42 1 0
DEMOX_ADMINAUTH/internal/app/my/api/getAuth.go:77.42,79.6 1 0
DEMOX_ADMINAUTH/internal/app/my/api/getAuth.go:80.5,80.19 1 0
DEMOX_ADMINAUTH/internal/app/my/api/getAuth.go:84.3,85.54 2 0
DEMOX_ADMINAUTH/internal/app/my/api/getAuth.go:85.54,87.4 1 0
DEMOX_ADMINAUTH/internal/app/my/api/getAuth.go:87.9,89.4 1 0
DEMOX_ADMINAUTH/internal/app/my/api/getAuth.go:90.3,92.13 3 0
DEMOX_ADMINAUTH/internal/app/my/api/getAuth.go:94.2,95.64 2 0
DEMOX_ADMINAUTH/internal/app/my/api/getAuth.go:95.64,97.3 1 0
DEMOX_ADMINAUTH/internal/app/my/api/getAuth.go:98.2,100.12 2 0
DEMOX_ADMINAUTH/internal/app/my/api/info.go:23.73,25.2 1 0
DEMOX_ADMINAUTH/internal/app/my/api/info.go:33.32,36.16 2 0
DEMOX_ADMINAUTH/internal/app/my/api/info.go:36.16,38.3 1 0
DEMOX_ADMINAUTH/internal/app/my/api/info.go:40.2,41.81 2 0
DEMOX_ADMINAUTH/internal/app/my/api/info.go:41.81,42.40 1 0
DEMOX_ADMINAUTH/internal/app/my/api/info.go:42.40,44.4 1 0
DEMOX_ADMINAUTH/internal/app/my/api/info.go:44.9,46.4 1 0
DEMOX_ADMINAUTH/internal/app/my/api/info.go:48.2,49.12 2 0
DEMOX_ADMINAUTH/internal/app/my/api/login.go:26.72,28.2 1 0
DEMOX_ADMINAUTH/internal/app/my/api/login.go:41.31,46.16 3 0
DEMOX_ADMINAUTH/internal/app/my/api/login.go:46.16,48.3 1 0
DEMOX_ADMINAUTH/internal/app/my/api/login.go:50.2,51.16 2 0
DEMOX_ADMINAUTH/internal/app/my/api/login.go:51.16,53.3 1 0
DEMOX_ADMINAUTH/internal/app/my/api/login.go:54.2,55.12 2 0
DEMOX_ADMINAUTH/internal/app/my/api/login.go:57.72,59.16 2 0
DEMOX_ADMINAUTH/internal/app/my/api/login.go:59.16,61.3 1 0
DEMOX_ADMINAUTH/internal/app/my/api/login.go:63.2,64.24 2 0
DEMOX_ADMINAUTH/internal/app/my/api/login.go:64.24,66.3 1 0
DEMOX_ADMINAUTH/internal/app/my/api/login.go:69.2,70.16 2 0
DEMOX_ADMINAUTH/internal/app/my/api/login.go:70.16,72.3 1 0
DEMOX_ADMINAUTH/internal/app/my/api/login.go:74.2,83.16 2 0
DEMOX_ADMINAUTH/internal/app/my/api/login.go:83.16,85.3 1 0
DEMOX_ADMINAUTH/internal/app/my/api/login.go:85.8,88.17 2 0
DEMOX_ADMINAUTH/internal/app/my/api/login.go:88.17,90.4 1 0
DEMOX_ADMINAUTH/internal/app/my/api/login.go:91.3,95.9 1 0
DEMOX_ADMINAUTH/internal/app/my/api/login.go:100.80,102.93 2 0
DEMOX_ADMINAUTH/internal/app/my/api/login.go:102.93,103.40 1 0
DEMOX_ADMINAUTH/internal/app/my/api/login.go:103.40,105.4 1 0
DEMOX_ADMINAUTH/internal/app/my/api/login.go:105.9,107.4 1 0
DEMOX_ADMINAUTH/internal/app/my/api/login.go:110.2,110.51 1 0
DEMOX_ADMINAUTH/internal/app/my/api/login.go:110.51,112.3 1 0
DEMOX_ADMINAUTH/internal/app/my/api/login.go:114.2,114.22 1 0
DEMOX_ADMINAUTH/internal/app/my/api/login.go:114.22,116.3 1 0
DEMOX_ADMINAUTH/internal/app/my/api/login.go:118.2,118.16 1 0
DEMOX_ADMINAUTH/internal/app/my/api/login.go:121.59,125.54 2 0
DEMOX_ADMINAUTH/internal/app/my/api/login.go:125.54,127.3 1 0
DEMOX_ADMINAUTH/internal/app/my/api/login.go:127.8,129.153 2 0
DEMOX_ADMINAUTH/internal/app/my/api/login.go:129.153,131.4 1 0
DEMOX_ADMINAUTH/internal/app/my/api/login.go:133.2,133.23 1 0
DEMOX_ADMINAUTH/internal/app/my/api/login.go:137.62,139.60 2 0
DEMOX_ADMINAUTH/internal/app/my/api/login.go:139.60,141.3 1 0
DEMOX_ADMINAUTH/internal/app/my/api/login.go:141.8,142.215 1 0
DEMOX_ADMINAUTH/internal/app/my/api/login.go:142.215,144.4 1 0
DEMOX_ADMINAUTH/internal/app/my/api/login.go:144.9,146.4 1 0
DEMOX_ADMINAUTH/internal/app/my/api/logout.go:22.73,24.2 1 0
DEMOX_ADMINAUTH/internal/app/my/api/logout.go:33.32,37.2 3 0
DEMOX_ADMINAUTH/internal/app/my/api/logout.go:39.36,42.16 2 0
DEMOX_ADMINAUTH/internal/app/my/api/logout.go:42.16,44.3 1 0
DEMOX_ADMINAUTH/internal/app/my/api/logout.go:46.2,50.12 3 0
DEMOX_ADMINAUTH/internal/app/my/api/refreshToken.go:24.79,26.2 1 0
DEMOX_ADMINAUTH/internal/app/my/api/refreshToken.go:38.38,41.40 2 0
DEMOX_ADMINAUTH/internal/app/my/api/refreshToken.go:41.40,43.3 1 0
DEMOX_ADMINAUTH/internal/app/my/api/refreshToken.go:45.2,46.16 2 0
DEMOX_ADMINAUTH/internal/app/my/api/refreshToken.go:46.16,48.3 1 0
DEMOX_ADMINAUTH/internal/app/my/api/refreshToken.go:51.2,52.16 2 0
DEMOX_ADMINAUTH/internal/app/my/api/refreshToken.go:52.16,54.3 1 0
DEMOX_ADMINAUTH/internal/app/my/api/refreshToken.go:56.2,56.28 1 0
DEMOX_ADMINAUTH/internal/app/my/api/refreshToken.go:56.28,59.3 2 0
DEMOX_ADMINAUTH/internal/app/my/api/refreshToken.go:61.2,62.16 2 0
DEMOX_ADMINAUTH/internal/app/my/api/refreshToken.go:62.16,64.3 1 0
DEMOX_ADMINAUTH/internal/app/my/api/refreshToken.go:66.2,67.12 2 0
DEMOX_ADMINAUTH/internal/app/my/api/refreshToken.go:70.72,74.16 2 0
DEMOX_ADMINAUTH/internal/app/my/api/refreshToken.go:74.16,76.3 1 0
DEMOX_ADMINAUTH/internal/app/my/api/refreshToken.go:78.2,82.13 5 0
DEMOX_ADMINAUTH/internal/app/my/api/refreshToken.go:82.13,84.3 1 0
DEMOX_ADMINAUTH/internal/app/my/api/refreshToken.go:84.8,86.3 1 0
DEMOX_ADMINAUTH/internal/app/my/api/refreshToken.go:87.2,95.16 1 0
DEMOX_ADMINAUTH/internal/app/my/api/refreshToken.go:95.16,97.3 1 0
DEMOX_ADMINAUTH/internal/app/my/api/refreshToken.go:97.8,100.17 2 0
DEMOX_ADMINAUTH/internal/app/my/api/refreshToken.go:100.17,102.4 1 0
DEMOX_ADMINAUTH/internal/app/my/api/refreshToken.go:103.3,107.9 1 0
DEMOX_ADMINAUTH/internal/app/my/api/refreshToken.go:112.69,114.60 2 0
DEMOX_ADMINAUTH/internal/app/my/api/refreshToken.go:114.60,116.3 1 0
DEMOX_ADMINAUTH/internal/app/my/api/refreshToken.go:116.8,117.215 1 0
DEMOX_ADMINAUTH/internal/app/my/api/refreshToken.go:117.215,119.4 1 0
DEMOX_ADMINAUTH/internal/app/my/api/refreshToken.go:119.9,121.4 1 0
DEMOX_ADMINAUTH/internal/app/my/api/update.go:25.75,27.2 1 0
DEMOX_ADMINAUTH/internal/app/my/api/update.go:37.34,44.16 5 0
DEMOX_ADMINAUTH/internal/app/my/api/update.go:44.16,46.3 1 0
DEMOX_ADMINAUTH/internal/app/my/api/update.go:47.2,49.16 3 0
DEMOX_ADMINAUTH/internal/app/my/api/update.go:49.16,51.3 1 0
DEMOX_ADMINAUTH/internal/app/my/api/update.go:52.2,53.12 2 0
DEMOX_ADMINAUTH/internal/app/my/api/update.go:56.59,59.84 2 0
DEMOX_ADMINAUTH/internal/app/my/api/update.go:59.84,60.40 1 0
DEMOX_ADMINAUTH/internal/app/my/api/update.go:60.40,62.4 1 0
DEMOX_ADMINAUTH/internal/app/my/api/update.go:62.9,64.4 1 0
DEMOX_ADMINAUTH/internal/app/my/api/update.go:72.2,72.110 1 0
DEMOX_ADMINAUTH/internal/app/my/api/update.go:72.110,74.3 1 0
DEMOX_ADMINAUTH/internal/app/my/api/update.go:75.2,75.12 1 0
DEMOX_ADMINAUTH/internal/app/my/api/update.go:79.55,82.20 2 0
DEMOX_ADMINAUTH/internal/app/my/api/update.go:82.20,83.94 1 0
DEMOX_ADMINAUTH/internal/app/my/api/update.go:83.94,85.4 1 0
DEMOX_ADMINAUTH/internal/app/my/api/update.go:85.9,85.21 1 0
DEMOX_ADMINAUTH/internal/app/my/api/update.go:85.21,87.4 1 0
DEMOX_ADMINAUTH/internal/app/my/api/update.go:90.2,90.20 1 0
DEMOX_ADMINAUTH/internal/app/my/api/update.go:90.20,91.92 1 0
DEMOX_ADMINAUTH/internal/app/my/api/update.go:91.92,93.4 1 0
DEMOX_ADMINAUTH/internal/app/my/api/update.go:93.9,93.21 1 0
DEMOX_ADMINAUTH/internal/app/my/api/update.go:93.21,95.4 1 0
DEMOX_ADMINAUTH/internal/app/my/api/update.go:97.2,97.12 1 0
DEMOX_ADMINAUTH/internal/app/my/api/updatePwd.go:26.78,28.2 1 0
DEMOX_ADMINAUTH/internal/app/my/api/updatePwd.go:38.35,45.16 5 0
DEMOX_ADMINAUTH/internal/app/my/api/updatePwd.go:45.16,47.3 1 0
DEMOX_ADMINAUTH/internal/app/my/api/updatePwd.go:48.2,49.16 2 0
DEMOX_ADMINAUTH/internal/app/my/api/updatePwd.go:49.16,51.3 1 0
DEMOX_ADMINAUTH/internal/app/my/api/updatePwd.go:52.2,53.12 2 0
DEMOX_ADMINAUTH/internal/app/my/api/updatePwd.go:56.78,58.78 2 0
DEMOX_ADMINAUTH/internal/app/my/api/updatePwd.go:58.78,60.3 1 0
DEMOX_ADMINAUTH/internal/app/my/api/updatePwd.go:63.2,63.51 1 0
DEMOX_ADMINAUTH/internal/app/my/api/updatePwd.go:63.51,65.3 1 0
DEMOX_ADMINAUTH/internal/app/my/api/updatePwd.go:66.2,70.16 4 0
DEMOX_ADMINAUTH/internal/app/role/api/create.go:18.77,20.2 1 0
DEMOX_ADMINAUTH/internal/app/role/api/create.go:30.36,34.16 3 0
DEMOX_ADMINAUTH/internal/app/role/api/create.go:34.16,36.3 1 0
DEMOX_ADMINAUTH/internal/app/role/api/create.go:38.2,39.16 2 0
DEMOX_ADMINAUTH/internal/app/role/api/create.go:39.16,41.3 1 0
DEMOX_ADMINAUTH/internal/app/role/api/create.go:42.2,43.12 2 0
DEMOX_ADMINAUTH/internal/app/role/api/create.go:46.62,50.81 3 0
DEMOX_ADMINAUTH/internal/app/role/api/create.go:50.81,52.3 1 0
DEMOX_ADMINAUTH/internal/app/role/api/create.go:54.2,54.40 1 0
DEMOX_ADMINAUTH/internal/app/role/api/create.go:54.40,56.3 1 0
DEMOX_ADMINAUTH/internal/app/role/api/create.go:57.2,57.12 1 0
DEMOX_ADMINAUTH/internal/app/role/api/delete.go:19.74,21.2 1 0
DEMOX_ADMINAUTH/internal/app/role/api/delete.go:33.33,36.16 3 0
DEMOX_ADMINAUTH/internal/app/role/api/delete.go:36.16,38.3 1 0
DEMOX_ADMINAUTH/internal/app/role/api/delete.go:39.2,39.40 1 0
DEMOX_ADMINAUTH/internal/app/role/api/delete.go:39.40,41.3 1 0
DEMOX_ADMINAUTH/internal/app/role/api/delete.go:41.8,44.3 2 0
DEMOX_ADMINAUTH/internal/app/role/api/delete.go:47.45,51.38 4 0
DEMOX_ADMINAUTH/internal/app/role/api/delete.go:51.38,52.40 1 0
DEMOX_ADMINAUTH/internal/app/role/api/delete.go:52.40,54.4 1 0
DEMOX_ADMINAUTH/internal/app/role/api/delete.go:54.9,56.4 1 0
DEMOX_ADMINAUTH/internal/app/role/api/delete.go:58.2,58.40 1 0
DEMOX_ADMINAUTH/internal/app/role/api/delete.go:58.40,60.3 1 0
DEMOX_ADMINAUTH/internal/app/role/api/delete.go:62.2,63.12 2 0
DEMOX_ADMINAUTH/internal/app/role/api/query.go:19.76,21.2 1 0
DEMOX_ADMINAUTH/internal/app/role/api/query.go:35.35,38.16 2 0
DEMOX_ADMINAUTH/internal/app/role/api/query.go:38.16,40.3 1 0
DEMOX_ADMINAUTH/internal/app/role/api/query.go:40.8,43.3 2 0
DEMOX_ADMINAUTH/internal/app/role/api/query.go:51.53,55.44 4 0
DEMOX_ADMINAUTH/internal/app/role/api/query.go:55.44,58.3 2 0
DEMOX_ADMINAUTH/internal/app/role/api/query.go:59.2,59.15 1 0
DEMOX_ADMINAUTH/internal/app/role/api/setAuth.go:21.74,23.2 1 0
DEMOX_ADMINAUTH/internal/app/role/api/setAuth.go:34.33,37.16 3 0
DEMOX_ADMINAUTH/internal/app/role/api/setAuth.go:37.16,39.3 1 0
DEMOX_ADMINAUTH/internal/app/role/api/setAuth.go:41.2,43.16 3 0
DEMOX_ADMINAUTH/internal/app/role/api/setAuth.go:43.16,45.3 1 0
DEMOX_ADMINAUTH/internal/app/role/api/setAuth.go:46.2,47.40 2 0
DEMOX_ADMINAUTH/internal/app/role/api/setAuth.go:47.40,49.3 1 0
DEMOX_ADMINAUTH/internal/app/role/api/setAuth.go:50.2,51.12 2 0
DEMOX_ADMINAUTH/internal/app/role/api/setAuth.go:54.63,57.54 3 0
DEMOX_ADMINAUTH/internal/app/role/api/setAuth.go:57.54,58.40 1 0
DEMOX_ADMINAUTH/internal/app/role/api/setAuth.go:58.40,60.4 1 0
DEMOX_ADMINAUTH/internal/app/role/api/setAuth.go:60.9,62.4 1 0
DEMOX_ADMINAUTH/internal/app/role/api/setAuth.go:67.2,67.41 1 0
DEMOX_ADMINAUTH/internal/app/role/api/setAuth.go:67.41,69.3 1 0
DEMOX_ADMINAUTH/internal/app/role/api/setAuth.go:71.2,73.12 3 0
DEMOX_ADMINAUTH/internal/app/role/api/update.go:21.77,23.2 1 0
DEMOX_ADMINAUTH/internal/app/role/api/update.go:34.36,37.16 3 0
DEMOX_ADMINAUTH/internal/app/role/api/update.go:37.16,39.3 1 0
DEMOX_ADMINAUTH/internal/app/role/api/update.go:40.2,42.16 3 0
DEMOX_ADMINAUTH/internal/app/role/api/update.go:42.16,44.3 1 0
DEMOX_ADMINAUTH/internal/app/role/api/update.go:45.2,47.16 3 0
DEMOX_ADMINAUTH/internal/app/role/api/update.go:47.16,49.3 1 0
DEMOX_ADMINAUTH/internal/app/role/api/update.go:50.2,51.12 2 0
DEMOX_ADMINAUTH/internal/app/role/api/update.go:54.64,57.54 3 0
DEMOX_ADMINAUTH/internal/app/role/api/update.go:57.54,58.40 1 0
DEMOX_ADMINAUTH/internal/app/role/api/update.go:58.40,60.4 1 0
DEMOX_ADMINAUTH/internal/app/role/api/update.go:60.9,62.4 1 0
DEMOX_ADMINAUTH/internal/app/role/api/update.go:66.2,66.41 1 0
DEMOX_ADMINAUTH/internal/app/role/api/update.go:66.41,68.3 1 0
DEMOX_ADMINAUTH/internal/app/role/api/update.go:70.2,70.31 1 0
DEMOX_ADMINAUTH/internal/app/role/api/update.go:70.31,74.3 2 0
DEMOX_ADMINAUTH/internal/app/role/api/update.go:76.2,76.12 1 0
DEMOX_ADMINAUTH/internal/app/sys/api/act.go:19.73,21.2 1 0
DEMOX_ADMINAUTH/internal/app/sys/api/act.go:31.32,34.16 3 0
DEMOX_ADMINAUTH/internal/app/sys/api/act.go:34.16,36.3 1 0
DEMOX_ADMINAUTH/internal/app/sys/api/act.go:38.2,39.16 2 0
DEMOX_ADMINAUTH/internal/app/sys/api/act.go:39.16,41.3 1 0
DEMOX_ADMINAUTH/internal/app/sys/api/act.go:43.2,43.14 1 0
DEMOX_ADMINAUTH/internal/app/sys/api/act.go:44.15,45.38 1 0
DEMOX_ADMINAUTH/internal/app/sys/api/act.go:45.38,46.23 1 0
DEMOX_ADMINAUTH/internal/app/sys/api/act.go:46.23,48.5 1 0
DEMOX_ADMINAUTH/internal/app/sys/api/act.go:48.10,48.30 1 0
DEMOX_ADMINAUTH/internal/app/sys/api/act.go:48.30,50.5 1 0
DEMOX_ADMINAUTH/internal/app/sys/api/act.go:50.10,52.5 1 0
DEMOX_ADMINAUTH/internal/app/sys/api/act.go:53.9,55.4 1 0
DEMOX_ADMINAUTH/internal/app/sys/api/act.go:56.16,57.37 1 0
DEMOX_ADMINAUTH/internal/app/sys/api/act.go:57.37,58.23 1 0
DEMOX_ADMINAUTH/internal/app/sys/api/act.go:58.23,60.5 1 0
DEMOX_ADMINAUTH/internal/app/sys/api/act.go:60.10,60.30 1 0
DEMOX_ADMINAUTH/internal/app/sys/api/act.go:60.30,62.5 1 0
DEMOX_ADMINAUTH/internal/app/sys/api/act.go:62.10,64.5 1 0
DEMOX_ADMINAUTH/internal/app/sys/api/act.go:65.9,67.4 1 0
DEMOX_ADMINAUTH/internal/app/sys/api/act.go:68.10,69.36 1 0
DEMOX_ADMINAUTH/internal/app/sys/api/act.go:71.2,72.12 2 0
DEMOX_ADMINAUTH/internal/app/sys/api/info.go:19.75,21.2 1 0
DEMOX_ADMINAUTH/internal/app/sys/api/info.go:29.34,33.35 4 0
DEMOX_ADMINAUTH/internal/app/sys/api/info.go:33.35,35.3 1 0
DEMOX_ADMINAUTH/internal/app/sys/api/info.go:35.8,37.3 1 0
DEMOX_ADMINAUTH/internal/app/sys/api/info.go:39.2,39.22 1 0
DEMOX_ADMINAUTH/internal/app/sys/api/info.go:39.22,41.3 1 0
DEMOX_ADMINAUTH/internal/app/sys/api/info.go:41.8,43.3 1 0
DEMOX_ADMINAUTH/internal/app/sys/api/info.go:45.2,46.12 2 0
DEMOX_ADMINAUTH/internal/app/admin/api/create.go:20.78,22.2 1 0
DEMOX_ADMINAUTH/internal/app/admin/api/create.go:32.37,37.16 3 0
DEMOX_ADMINAUTH/internal/app/admin/api/create.go:37.16,39.3 1 0
DEMOX_ADMINAUTH/internal/app/admin/api/create.go:41.2,42.16 2 0
DEMOX_ADMINAUTH/internal/app/admin/api/create.go:42.16,44.3 1 0
DEMOX_ADMINAUTH/internal/app/admin/api/create.go:45.2,46.12 2 0
DEMOX_ADMINAUTH/internal/app/admin/api/create.go:49.65,52.39 2 0
DEMOX_ADMINAUTH/internal/app/admin/api/create.go:52.39,54.3 1 0
DEMOX_ADMINAUTH/internal/app/admin/api/create.go:56.2,57.28 2 0
DEMOX_ADMINAUTH/internal/app/admin/api/create.go:57.28,59.3 1 0
DEMOX_ADMINAUTH/internal/app/admin/api/create.go:60.2,60.40 1 0
DEMOX_ADMINAUTH/internal/app/admin/api/create.go:60.40,62.3 1 0
DEMOX_ADMINAUTH/internal/app/admin/api/create.go:63.2,63.12 1 0
DEMOX_ADMINAUTH/internal/app/admin/api/create.go:66.64,69.83 3 0
DEMOX_ADMINAUTH/internal/app/admin/api/create.go:69.83,71.3 1 0
DEMOX_ADMINAUTH/internal/app/admin/api/create.go:71.8,71.20 1 0
DEMOX_ADMINAUTH/internal/app/admin/api/create.go:71.20,73.3 1 0
DEMOX_ADMINAUTH/internal/app/admin/api/create.go:92.2,92.12 1 0
DEMOX_ADMINAUTH/internal/app/admin/api/del.go:20.75,22.2 1 0
DEMOX_ADMINAUTH/internal/app/admin/api/del.go:36.34,39.16 3 0
DEMOX_ADMINAUTH/internal/app/admin/api/del.go:39.16,41.3 1 0
DEMOX_ADMINAUTH/internal/app/admin/api/del.go:43.2,44.16 2 0
DEMOX_ADMINAUTH/internal/app/admin/api/del.go:44.16,46.3 1 0
DEMOX_ADMINAUTH/internal/app/admin/api/del.go:48.2,48.15 1 0
DEMOX_ADMINAUTH/internal/app/admin/api/del.go:48.15,50.3 1 0
DEMOX_ADMINAUTH/internal/app/admin/api/del.go:52.2,52.40 1 0
DEMOX_ADMINAUTH/internal/app/admin/api/del.go:52.40,54.3 1 0
DEMOX_ADMINAUTH/internal/app/admin/api/del.go:54.8,57.3 2 0
DEMOX_ADMINAUTH/internal/app/admin/api/del.go:60.46,64.38 4 0
DEMOX_ADMINAUTH/internal/app/admin/api/del.go:64.38,65.40 1 0
DEMOX_ADMINAUTH/internal/app/admin/api/del.go:65.40,67.4 1 0
DEMOX_ADMINAUTH/internal/app/admin/api/del.go:67.9,69.4 1 0
DEMOX_ADMINAUTH/internal/app/admin/api/del.go:71.2,71.40 1 0
DEMOX_ADMINAUTH/internal/app/admin/api/del.go:71.40,73.3 1 0
DEMOX_ADMINAUTH/internal/app/admin/api/del.go:74.2,74.12 1 0
DEMOX_ADMINAUTH/internal/app/admin/api/query.go:18.77,20.2 1 0
DEMOX_ADMINAUTH/internal/app/admin/api/query.go:36.36,38.16 2 0
DEMOX_ADMINAUTH/internal/app/admin/api/query.go:38.16,40.3 1 0
DEMOX_ADMINAUTH/internal/app/admin/api/query.go:40.8,43.3 2 0
DEMOX_ADMINAUTH/internal/app/admin/api/query.go:53.54,67.2 7 0
DEMOX_ADMINAUTH/internal/app/admin/api/resetPwd.go:29.80,31.2 1 0
DEMOX_ADMINAUTH/internal/app/admin/api/resetPwd.go:41.39,44.16 3 0
DEMOX_ADMINAUTH/internal/app/admin/api/resetPwd.go:44.16,46.3 1 0
DEMOX_ADMINAUTH/internal/app/admin/api/resetPwd.go:47.2,50.16 4 0
DEMOX_ADMINAUTH/internal/app/admin/api/resetPwd.go:50.16,52.3 1 0
DEMOX_ADMINAUTH/internal/app/admin/api/resetPwd.go:53.2,54.12 2 0
DEMOX_ADMINAUTH/internal/app/admin/api/resetPwd.go:57.85,60.16 2 0
DEMOX_ADMINAUTH/internal/app/admin/api/resetPwd.go:60.16,62.3 1 0
DEMOX_ADMINAUTH/internal/app/admin/api/resetPwd.go:63.2,63.20 1 0
DEMOX_ADMINAUTH/internal/app/admin/api/resetPwd.go:63.20,65.3 1 0
DEMOX_ADMINAUTH/internal/app/admin/api/resetPwd.go:67.2,68.84 2 0
DEMOX_ADMINAUTH/internal/app/admin/api/resetPwd.go:68.84,69.40 1 0
DEMOX_ADMINAUTH/internal/app/admin/api/resetPwd.go:69.40,71.4 1 0
DEMOX_ADMINAUTH/internal/app/admin/api/resetPwd.go:71.9,73.4 1 0
DEMOX_ADMINAUTH/internal/app/admin/api/resetPwd.go:76.2,85.22 6 0
DEMOX_ADMINAUTH/internal/app/admin/api/resetPwd.go:92.44,95.25 2 0
DEMOX_ADMINAUTH/internal/app/admin/api/resetPwd.go:95.25,98.3 2 0
DEMOX_ADMINAUTH/internal/app/admin/api/resetPwd.go:99.2,99.25 1 0
DEMOX_ADMINAUTH/internal/app/admin/api/resetPwd.go:99.25,102.3 2 0
DEMOX_ADMINAUTH/internal/app/admin/api/resetPwd.go:103.2,103.11 1 0
DEMOX_ADMINAUTH/internal/app/admin/api/update.go:23.78,25.2 1 0
DEMOX_ADMINAUTH/internal/app/admin/api/update.go:36.37,39.16 3 0
DEMOX_ADMINAUTH/internal/app/admin/api/update.go:39.16,41.3 1 0
DEMOX_ADMINAUTH/internal/app/admin/api/update.go:42.2,44.16 3 0
DEMOX_ADMINAUTH/internal/app/admin/api/update.go:44.16,46.3 1 0
DEMOX_ADMINAUTH/internal/app/admin/api/update.go:47.2,49.16 3 0
DEMOX_ADMINAUTH/internal/app/admin/api/update.go:49.16,51.3 1 0
DEMOX_ADMINAUTH/internal/app/admin/api/update.go:52.2,53.12 2 0
DEMOX_ADMINAUTH/internal/app/admin/api/update.go:55.71,59.54 4 0
DEMOX_ADMINAUTH/internal/app/admin/api/update.go:59.54,60.40 1 0
DEMOX_ADMINAUTH/internal/app/admin/api/update.go:60.40,62.4 1 0
DEMOX_ADMINAUTH/internal/app/admin/api/update.go:62.9,64.4 1 0
DEMOX_ADMINAUTH/internal/app/admin/api/update.go:66.2,67.16 2 0
DEMOX_ADMINAUTH/internal/app/admin/api/update.go:67.16,69.3 1 0
DEMOX_ADMINAUTH/internal/app/admin/api/update.go:71.2,71.18 1 0
DEMOX_ADMINAUTH/internal/app/admin/api/update.go:71.18,73.3 1 0
DEMOX_ADMINAUTH/internal/app/admin/api/update.go:83.2,83.124 1 0
DEMOX_ADMINAUTH/internal/app/admin/api/update.go:83.124,85.3 1 0
DEMOX_ADMINAUTH/internal/app/admin/api/update.go:87.2,87.72 1 0
DEMOX_ADMINAUTH/internal/app/admin/api/update.go:87.72,89.3 1 0
DEMOX_ADMINAUTH/internal/app/admin/api/update.go:91.2,91.12 1 0
DEMOX_ADMINAUTH/internal/app/admin/api/update.go:94.70,96.20 2 0
DEMOX_ADMINAUTH/internal/app/admin/api/update.go:96.20,97.112 1 0
DEMOX_ADMINAUTH/internal/app/admin/api/update.go:97.112,99.4 1 0
DEMOX_ADMINAUTH/internal/app/admin/api/update.go:99.9,99.21 1 0
DEMOX_ADMINAUTH/internal/app/admin/api/update.go:99.21,101.4 1 0
DEMOX_ADMINAUTH/internal/app/admin/api/update.go:104.2,104.20 1 0
DEMOX_ADMINAUTH/internal/app/admin/api/update.go:104.20,105.111 1 0
DEMOX_ADMINAUTH/internal/app/admin/api/update.go:105.111,107.4 1 0
DEMOX_ADMINAUTH/internal/app/admin/api/update.go:107.9,107.21 1 0
DEMOX_ADMINAUTH/internal/app/admin/api/update.go:107.21,109.4 1 0
DEMOX_ADMINAUTH/internal/app/admin/api/update.go:112.2,112.12 1 0
DEMOX_ADMINAUTH/internal/app/auth/api/create.go:18.77,20.2 1 0
DEMOX_ADMINAUTH/internal/app/auth/api/create.go:30.36,34.16 3 0
DEMOX_ADMINAUTH/internal/app/auth/api/create.go:34.16,36.3 1 0
DEMOX_ADMINAUTH/internal/app/auth/api/create.go:38.2,39.16 2 0
DEMOX_ADMINAUTH/internal/app/auth/api/create.go:39.16,41.3 1 0
DEMOX_ADMINAUTH/internal/app/auth/api/create.go:43.2,45.12 3 0
DEMOX_ADMINAUTH/internal/app/auth/api/create.go:48.62,52.78 3 0
DEMOX_ADMINAUTH/internal/app/auth/api/create.go:52.78,54.3 1 0
DEMOX_ADMINAUTH/internal/app/auth/api/create.go:56.2,56.40 1 0
DEMOX_ADMINAUTH/internal/app/auth/api/create.go:56.40,58.3 1 0
DEMOX_ADMINAUTH/internal/app/auth/api/create.go:59.2,59.12 1 0
DEMOX_ADMINAUTH/internal/app/auth/api/delete.go:19.74,21.2 1 0
DEMOX_ADMINAUTH/internal/app/auth/api/delete.go:34.33,37.16 3 0
DEMOX_ADMINAUTH/internal/app/auth/api/delete.go:37.16,39.3 1 0
DEMOX_ADMINAUTH/internal/app/auth/api/delete.go:41.2,41.40 1 0
DEMOX_ADMINAUTH/internal/app/auth/api/delete.go:41.40,43.3 1 0
DEMOX_ADMINAUTH/internal/app/auth/api/delete.go:43.8,47.3 3 0
DEMOX_ADMINAUTH/internal/app/auth/api/delete.go:50.45,54.38 4 0
DEMOX_ADMINAUTH/internal/app/auth/api/delete.go:54.38,55.40 1 0
DEMOX_ADMINAUTH/internal/app/auth/api/delete.go:55.40,57.4 1 0
DEMOX_ADMINAUTH/internal/app/auth/api/delete.go:57.9,59.4 1 0
DEMOX_ADMINAUTH/internal/app/auth/api/delete.go:61.2,62.92 2 0
DEMOX_ADMINAUTH/internal/app/auth/api/delete.go:62.92,64.3 1 0
DEMOX_ADMINAUTH/internal/app/auth/api/delete.go:66.2,66.13 1 0
DEMOX_ADMINAUTH/internal/app/auth/api/delete.go:66.13,68.3 1 0
DEMOX_ADMINAUTH/internal/app/auth/api/delete.go:70.2,70.40 1 0
DEMOX_ADMINAUTH/internal/app/auth/api/delete.go:70.40,72.3 1 0
DEMOX_ADMINAUTH/internal/app/auth/api/delete.go:73.2,73.12 1 0
DEMOX_ADMINAUTH/internal/app/auth/api/getUrl.go:20.77,22.2 1 0
DEMOX_ADMINAUTH/internal/app/auth/api/getUrl.go:31.36,34.2 2 0
DEMOX_ADMINAUTH/internal/app/auth/api/query.go:17.76,19.2 1 0
DEMOX_ADMINAUTH/internal/app/auth/api/query.go:29.35,32.16 2 0
DEMOX_ADMINAUTH/internal/app/auth/api/query.go:32.16,34.3 1 0
DEMOX_ADMINAUTH/internal/app/auth/api/query.go:34.8,37.3 2 0
DEMOX_ADMINAUTH/internal/app/auth/api/query.go:44.53,49.16 4 0
DEMOX_ADMINAUTH/internal/app/auth/api/query.go:49.16,50.161 1 0
DEMOX_ADMINAUTH/internal/app/auth/api/query.go:50.161,52.4 1 0
DEMOX_ADMINAUTH/internal/app/auth/api/query.go:53.8,54.127 1 0
DEMOX_ADMINAUTH/internal/app/auth/api/query.go:54.127,56.4 1 0
DEMOX_ADMINAUTH/internal/app/auth/api/query.go:59.2,59.17 1 0
DEMOX_ADMINAUTH/internal/app/auth/api/update.go:19.77,21.2 1 0
DEMOX_ADMINAUTH/internal/app/auth/api/update.go:32.36,35.16 3 0
DEMOX_ADMINAUTH/internal/app/auth/api/update.go:35.16,37.3 1 0
DEMOX_ADMINAUTH/internal/app/auth/api/update.go:38.2,40.16 3 0
DEMOX_ADMINAUTH/internal/app/auth/api/update.go:40.16,42.3 1 0
DEMOX_ADMINAUTH/internal/app/auth/api/update.go:43.2,45.16 3 0
DEMOX_ADMINAUTH/internal/app/auth/api/update.go:45.16,47.3 1 0
DEMOX_ADMINAUTH/internal/app/auth/api/update.go:49.2,51.12 3 0
DEMOX_ADMINAUTH/internal/app/auth/api/update.go:54.68,58.54 4 0
DEMOX_ADMINAUTH/internal/app/auth/api/update.go:58.54,59.40 1 0
DEMOX_ADMINAUTH/internal/app/auth/api/update.go:59.40,61.4 1 0
DEMOX_ADMINAUTH/internal/app/auth/api/update.go:61.9,63.4 1 0
DEMOX_ADMINAUTH/internal/app/auth/api/update.go:66.2,66.41 1 0
DEMOX_ADMINAUTH/internal/app/auth/api/update.go:66.41,68.3 1 0
DEMOX_ADMINAUTH/internal/app/auth/api/update.go:69.2,69.12 1 0
DEMOX_ADMINAUTH/internal/app/my/api/getAuth.go:27.73,29.2 1 0
DEMOX_ADMINAUTH/internal/app/my/api/getAuth.go:43.32,46.16 2 0
DEMOX_ADMINAUTH/internal/app/my/api/getAuth.go:46.16,48.3 1 0
DEMOX_ADMINAUTH/internal/app/my/api/getAuth.go:49.2,51.22 3 0
DEMOX_ADMINAUTH/internal/app/my/api/getAuth.go:51.22,54.95 1 0
DEMOX_ADMINAUTH/internal/app/my/api/getAuth.go:54.95,55.41 1 0
DEMOX_ADMINAUTH/internal/app/my/api/getAuth.go:55.41,57.5 1 0
DEMOX_ADMINAUTH/internal/app/my/api/getAuth.go:58.4,58.18 1 0
DEMOX_ADMINAUTH/internal/app/my/api/getAuth.go:60.3,61.27 2 0
DEMOX_ADMINAUTH/internal/app/my/api/getAuth.go:61.27,65.4 3 0
DEMOX_ADMINAUTH/internal/app/my/api/getAuth.go:66.8,67.15 1 0
DEMOX_ADMINAUTH/internal/app/my/api/getAuth.go:67.15,71.4 3 0
DEMOX_ADMINAUTH/internal/app/my/api/getAuth.go:73.2,74.22 2 0
DEMOX_ADMINAUTH/internal/app/my/api/getAuth.go:74.22,75.20 1 0
DEMOX_ADMINAUTH/internal/app/my/api/getAuth.go:75.20,76.96 1 0
DEMOX_ADMINAUTH/internal/app/my/api/getAuth.go:76.96,77.42 1 0
DEMOX_ADMINAUTH/internal/app/my/api/getAuth.go:77.42,79.6 1 0
DEMOX_ADMINAUTH/internal/app/my/api/getAuth.go:80.5,80.19 1 0
DEMOX_ADMINAUTH/internal/app/my/api/getAuth.go:84.3,85.54 2 0
DEMOX_ADMINAUTH/internal/app/my/api/getAuth.go:85.54,87.4 1 0
DEMOX_ADMINAUTH/internal/app/my/api/getAuth.go:87.9,89.4 1 0
DEMOX_ADMINAUTH/internal/app/my/api/getAuth.go:90.3,92.13 3 0
DEMOX_ADMINAUTH/internal/app/my/api/getAuth.go:94.2,95.64 2 0
DEMOX_ADMINAUTH/internal/app/my/api/getAuth.go:95.64,97.3 1 0
DEMOX_ADMINAUTH/internal/app/my/api/getAuth.go:98.2,100.12 2 0
DEMOX_ADMINAUTH/internal/app/my/api/info.go:23.73,25.2 1 0
DEMOX_ADMINAUTH/internal/app/my/api/info.go:33.32,36.16 2 0
DEMOX_ADMINAUTH/internal/app/my/api/info.go:36.16,38.3 1 0
DEMOX_ADMINAUTH/internal/app/my/api/info.go:40.2,41.81 2 0
DEMOX_ADMINAUTH/internal/app/my/api/info.go:41.81,42.40 1 0
DEMOX_ADMINAUTH/internal/app/my/api/info.go:42.40,44.4 1 0
DEMOX_ADMINAUTH/internal/app/my/api/info.go:44.9,46.4 1 0
DEMOX_ADMINAUTH/internal/app/my/api/info.go:48.2,49.12 2 0
DEMOX_ADMINAUTH/internal/app/my/api/login.go:26.72,28.2 1 1
DEMOX_ADMINAUTH/internal/app/my/api/login.go:41.31,46.16 3 1
DEMOX_ADMINAUTH/internal/app/my/api/login.go:46.16,48.3 1 0
DEMOX_ADMINAUTH/internal/app/my/api/login.go:50.2,51.16 2 1
DEMOX_ADMINAUTH/internal/app/my/api/login.go:51.16,53.3 1 1
DEMOX_ADMINAUTH/internal/app/my/api/login.go:54.2,55.12 2 0
DEMOX_ADMINAUTH/internal/app/my/api/login.go:57.72,59.16 2 1
DEMOX_ADMINAUTH/internal/app/my/api/login.go:59.16,61.3 1 1
DEMOX_ADMINAUTH/internal/app/my/api/login.go:63.2,64.24 2 0
DEMOX_ADMINAUTH/internal/app/my/api/login.go:64.24,66.3 1 0
DEMOX_ADMINAUTH/internal/app/my/api/login.go:69.2,70.16 2 0
DEMOX_ADMINAUTH/internal/app/my/api/login.go:70.16,72.3 1 0
DEMOX_ADMINAUTH/internal/app/my/api/login.go:74.2,83.16 2 0
DEMOX_ADMINAUTH/internal/app/my/api/login.go:83.16,85.3 1 0
DEMOX_ADMINAUTH/internal/app/my/api/login.go:85.8,88.17 2 0
DEMOX_ADMINAUTH/internal/app/my/api/login.go:88.17,90.4 1 0
DEMOX_ADMINAUTH/internal/app/my/api/login.go:91.3,95.9 1 0
DEMOX_ADMINAUTH/internal/app/my/api/login.go:100.80,102.93 2 1
DEMOX_ADMINAUTH/internal/app/my/api/login.go:102.93,103.40 1 1
DEMOX_ADMINAUTH/internal/app/my/api/login.go:103.40,105.4 1 0
DEMOX_ADMINAUTH/internal/app/my/api/login.go:105.9,107.4 1 1
DEMOX_ADMINAUTH/internal/app/my/api/login.go:110.2,110.51 1 0
DEMOX_ADMINAUTH/internal/app/my/api/login.go:110.51,112.3 1 0
DEMOX_ADMINAUTH/internal/app/my/api/login.go:114.2,114.22 1 0
DEMOX_ADMINAUTH/internal/app/my/api/login.go:114.22,116.3 1 0
DEMOX_ADMINAUTH/internal/app/my/api/login.go:118.2,118.16 1 0
DEMOX_ADMINAUTH/internal/app/my/api/login.go:121.59,125.54 2 0
DEMOX_ADMINAUTH/internal/app/my/api/login.go:125.54,127.3 1 0
DEMOX_ADMINAUTH/internal/app/my/api/login.go:127.8,129.153 2 0
DEMOX_ADMINAUTH/internal/app/my/api/login.go:129.153,131.4 1 0
DEMOX_ADMINAUTH/internal/app/my/api/login.go:133.2,133.23 1 0
DEMOX_ADMINAUTH/internal/app/my/api/login.go:137.62,139.60 2 0
DEMOX_ADMINAUTH/internal/app/my/api/login.go:139.60,141.3 1 0
DEMOX_ADMINAUTH/internal/app/my/api/login.go:141.8,142.215 1 0
DEMOX_ADMINAUTH/internal/app/my/api/login.go:142.215,144.4 1 0
DEMOX_ADMINAUTH/internal/app/my/api/login.go:144.9,146.4 1 0
DEMOX_ADMINAUTH/internal/app/my/api/logout.go:22.73,24.2 1 0
DEMOX_ADMINAUTH/internal/app/my/api/logout.go:33.32,37.2 3 0
DEMOX_ADMINAUTH/internal/app/my/api/logout.go:39.36,42.16 2 0
DEMOX_ADMINAUTH/internal/app/my/api/logout.go:42.16,44.3 1 0
DEMOX_ADMINAUTH/internal/app/my/api/logout.go:46.2,50.12 3 0
DEMOX_ADMINAUTH/internal/app/my/api/refreshToken.go:24.79,26.2 1 0
DEMOX_ADMINAUTH/internal/app/my/api/refreshToken.go:38.38,41.40 2 0
DEMOX_ADMINAUTH/internal/app/my/api/refreshToken.go:41.40,43.3 1 0
DEMOX_ADMINAUTH/internal/app/my/api/refreshToken.go:45.2,46.16 2 0
DEMOX_ADMINAUTH/internal/app/my/api/refreshToken.go:46.16,48.3 1 0
DEMOX_ADMINAUTH/internal/app/my/api/refreshToken.go:51.2,52.16 2 0
DEMOX_ADMINAUTH/internal/app/my/api/refreshToken.go:52.16,54.3 1 0
DEMOX_ADMINAUTH/internal/app/my/api/refreshToken.go:56.2,56.28 1 0
DEMOX_ADMINAUTH/internal/app/my/api/refreshToken.go:56.28,59.3 2 0
DEMOX_ADMINAUTH/internal/app/my/api/refreshToken.go:61.2,62.16 2 0
DEMOX_ADMINAUTH/internal/app/my/api/refreshToken.go:62.16,64.3 1 0
DEMOX_ADMINAUTH/internal/app/my/api/refreshToken.go:66.2,67.12 2 0
DEMOX_ADMINAUTH/internal/app/my/api/refreshToken.go:70.72,74.16 2 0
DEMOX_ADMINAUTH/internal/app/my/api/refreshToken.go:74.16,76.3 1 0
DEMOX_ADMINAUTH/internal/app/my/api/refreshToken.go:78.2,82.13 5 0
DEMOX_ADMINAUTH/internal/app/my/api/refreshToken.go:82.13,84.3 1 0
DEMOX_ADMINAUTH/internal/app/my/api/refreshToken.go:84.8,86.3 1 0
DEMOX_ADMINAUTH/internal/app/my/api/refreshToken.go:87.2,95.16 1 0
DEMOX_ADMINAUTH/internal/app/my/api/refreshToken.go:95.16,97.3 1 0
DEMOX_ADMINAUTH/internal/app/my/api/refreshToken.go:97.8,100.17 2 0
DEMOX_ADMINAUTH/internal/app/my/api/refreshToken.go:100.17,102.4 1 0
DEMOX_ADMINAUTH/internal/app/my/api/refreshToken.go:103.3,107.9 1 0
DEMOX_ADMINAUTH/internal/app/my/api/refreshToken.go:112.69,114.60 2 0
DEMOX_ADMINAUTH/internal/app/my/api/refreshToken.go:114.60,116.3 1 0
DEMOX_ADMINAUTH/internal/app/my/api/refreshToken.go:116.8,117.215 1 0
DEMOX_ADMINAUTH/internal/app/my/api/refreshToken.go:117.215,119.4 1 0
DEMOX_ADMINAUTH/internal/app/my/api/refreshToken.go:119.9,121.4 1 0
DEMOX_ADMINAUTH/internal/app/my/api/update.go:25.75,27.2 1 0
DEMOX_ADMINAUTH/internal/app/my/api/update.go:37.34,44.16 5 0
DEMOX_ADMINAUTH/internal/app/my/api/update.go:44.16,46.3 1 0
DEMOX_ADMINAUTH/internal/app/my/api/update.go:47.2,49.16 3 0
DEMOX_ADMINAUTH/internal/app/my/api/update.go:49.16,51.3 1 0
DEMOX_ADMINAUTH/internal/app/my/api/update.go:52.2,53.12 2 0
DEMOX_ADMINAUTH/internal/app/my/api/update.go:56.59,59.84 2 0
DEMOX_ADMINAUTH/internal/app/my/api/update.go:59.84,60.40 1 0
DEMOX_ADMINAUTH/internal/app/my/api/update.go:60.40,62.4 1 0
DEMOX_ADMINAUTH/internal/app/my/api/update.go:62.9,64.4 1 0
DEMOX_ADMINAUTH/internal/app/my/api/update.go:72.2,72.110 1 0
DEMOX_ADMINAUTH/internal/app/my/api/update.go:72.110,74.3 1 0
DEMOX_ADMINAUTH/internal/app/my/api/update.go:75.2,75.12 1 0
DEMOX_ADMINAUTH/internal/app/my/api/update.go:79.55,82.20 2 0
DEMOX_ADMINAUTH/internal/app/my/api/update.go:82.20,83.94 1 0
DEMOX_ADMINAUTH/internal/app/my/api/update.go:83.94,85.4 1 0
DEMOX_ADMINAUTH/internal/app/my/api/update.go:85.9,85.21 1 0
DEMOX_ADMINAUTH/internal/app/my/api/update.go:85.21,87.4 1 0
DEMOX_ADMINAUTH/internal/app/my/api/update.go:90.2,90.20 1 0
DEMOX_ADMINAUTH/internal/app/my/api/update.go:90.20,91.92 1 0
DEMOX_ADMINAUTH/internal/app/my/api/update.go:91.92,93.4 1 0
DEMOX_ADMINAUTH/internal/app/my/api/update.go:93.9,93.21 1 0
DEMOX_ADMINAUTH/internal/app/my/api/update.go:93.21,95.4 1 0
DEMOX_ADMINAUTH/internal/app/my/api/update.go:97.2,97.12 1 0
DEMOX_ADMINAUTH/internal/app/my/api/updatePwd.go:26.78,28.2 1 0
DEMOX_ADMINAUTH/internal/app/my/api/updatePwd.go:38.35,45.16 5 0
DEMOX_ADMINAUTH/internal/app/my/api/updatePwd.go:45.16,47.3 1 0
DEMOX_ADMINAUTH/internal/app/my/api/updatePwd.go:48.2,49.16 2 0
DEMOX_ADMINAUTH/internal/app/my/api/updatePwd.go:49.16,51.3 1 0
DEMOX_ADMINAUTH/internal/app/my/api/updatePwd.go:52.2,53.12 2 0
DEMOX_ADMINAUTH/internal/app/my/api/updatePwd.go:56.78,58.78 2 0
DEMOX_ADMINAUTH/internal/app/my/api/updatePwd.go:58.78,60.3 1 0
DEMOX_ADMINAUTH/internal/app/my/api/updatePwd.go:63.2,63.51 1 0
DEMOX_ADMINAUTH/internal/app/my/api/updatePwd.go:63.51,65.3 1 0
DEMOX_ADMINAUTH/internal/app/my/api/updatePwd.go:66.2,70.16 4 0
DEMOX_ADMINAUTH/internal/app/role/api/create.go:18.77,20.2 1 0
DEMOX_ADMINAUTH/internal/app/role/api/create.go:30.36,34.16 3 0
DEMOX_ADMINAUTH/internal/app/role/api/create.go:34.16,36.3 1 0
DEMOX_ADMINAUTH/internal/app/role/api/create.go:38.2,39.16 2 0
DEMOX_ADMINAUTH/internal/app/role/api/create.go:39.16,41.3 1 0
DEMOX_ADMINAUTH/internal/app/role/api/create.go:42.2,43.12 2 0
DEMOX_ADMINAUTH/internal/app/role/api/create.go:46.62,50.81 3 0
DEMOX_ADMINAUTH/internal/app/role/api/create.go:50.81,52.3 1 0
DEMOX_ADMINAUTH/internal/app/role/api/create.go:54.2,54.40 1 0
DEMOX_ADMINAUTH/internal/app/role/api/create.go:54.40,56.3 1 0
DEMOX_ADMINAUTH/internal/app/role/api/create.go:57.2,57.12 1 0
DEMOX_ADMINAUTH/internal/app/role/api/delete.go:19.74,21.2 1 0
DEMOX_ADMINAUTH/internal/app/role/api/delete.go:33.33,36.16 3 0
DEMOX_ADMINAUTH/internal/app/role/api/delete.go:36.16,38.3 1 0
DEMOX_ADMINAUTH/internal/app/role/api/delete.go:39.2,39.40 1 0
DEMOX_ADMINAUTH/internal/app/role/api/delete.go:39.40,41.3 1 0
DEMOX_ADMINAUTH/internal/app/role/api/delete.go:41.8,44.3 2 0
DEMOX_ADMINAUTH/internal/app/role/api/delete.go:47.45,51.38 4 0
DEMOX_ADMINAUTH/internal/app/role/api/delete.go:51.38,52.40 1 0
DEMOX_ADMINAUTH/internal/app/role/api/delete.go:52.40,54.4 1 0
DEMOX_ADMINAUTH/internal/app/role/api/delete.go:54.9,56.4 1 0
DEMOX_ADMINAUTH/internal/app/role/api/delete.go:58.2,58.40 1 0
DEMOX_ADMINAUTH/internal/app/role/api/delete.go:58.40,60.3 1 0
DEMOX_ADMINAUTH/internal/app/role/api/delete.go:62.2,63.12 2 0
DEMOX_ADMINAUTH/internal/app/role/api/query.go:19.76,21.2 1 0
DEMOX_ADMINAUTH/internal/app/role/api/query.go:35.35,38.16 2 0
DEMOX_ADMINAUTH/internal/app/role/api/query.go:38.16,40.3 1 0
DEMOX_ADMINAUTH/internal/app/role/api/query.go:40.8,43.3 2 0
DEMOX_ADMINAUTH/internal/app/role/api/query.go:51.53,55.44 4 0
DEMOX_ADMINAUTH/internal/app/role/api/query.go:55.44,58.3 2 0
DEMOX_ADMINAUTH/internal/app/role/api/query.go:59.2,59.15 1 0
DEMOX_ADMINAUTH/internal/app/role/api/setAuth.go:21.74,23.2 1 0
DEMOX_ADMINAUTH/internal/app/role/api/setAuth.go:34.33,37.16 3 0
DEMOX_ADMINAUTH/internal/app/role/api/setAuth.go:37.16,39.3 1 0
DEMOX_ADMINAUTH/internal/app/role/api/setAuth.go:41.2,43.16 3 0
DEMOX_ADMINAUTH/internal/app/role/api/setAuth.go:43.16,45.3 1 0
DEMOX_ADMINAUTH/internal/app/role/api/setAuth.go:46.2,47.40 2 0
DEMOX_ADMINAUTH/internal/app/role/api/setAuth.go:47.40,49.3 1 0
DEMOX_ADMINAUTH/internal/app/role/api/setAuth.go:50.2,51.12 2 0
DEMOX_ADMINAUTH/internal/app/role/api/setAuth.go:54.63,57.54 3 0
DEMOX_ADMINAUTH/internal/app/role/api/setAuth.go:57.54,58.40 1 0
DEMOX_ADMINAUTH/internal/app/role/api/setAuth.go:58.40,60.4 1 0
DEMOX_ADMINAUTH/internal/app/role/api/setAuth.go:60.9,62.4 1 0
DEMOX_ADMINAUTH/internal/app/role/api/setAuth.go:67.2,67.41 1 0
DEMOX_ADMINAUTH/internal/app/role/api/setAuth.go:67.41,69.3 1 0
DEMOX_ADMINAUTH/internal/app/role/api/setAuth.go:71.2,73.12 3 0
DEMOX_ADMINAUTH/internal/app/role/api/update.go:21.77,23.2 1 0
DEMOX_ADMINAUTH/internal/app/role/api/update.go:34.36,37.16 3 0
DEMOX_ADMINAUTH/internal/app/role/api/update.go:37.16,39.3 1 0
DEMOX_ADMINAUTH/internal/app/role/api/update.go:40.2,42.16 3 0
DEMOX_ADMINAUTH/internal/app/role/api/update.go:42.16,44.3 1 0
DEMOX_ADMINAUTH/internal/app/role/api/update.go:45.2,47.16 3 0
DEMOX_ADMINAUTH/internal/app/role/api/update.go:47.16,49.3 1 0
DEMOX_ADMINAUTH/internal/app/role/api/update.go:50.2,51.12 2 0
DEMOX_ADMINAUTH/internal/app/role/api/update.go:54.64,57.54 3 0
DEMOX_ADMINAUTH/internal/app/role/api/update.go:57.54,58.40 1 0
DEMOX_ADMINAUTH/internal/app/role/api/update.go:58.40,60.4 1 0
DEMOX_ADMINAUTH/internal/app/role/api/update.go:60.9,62.4 1 0
DEMOX_ADMINAUTH/internal/app/role/api/update.go:66.2,66.41 1 0
DEMOX_ADMINAUTH/internal/app/role/api/update.go:66.41,68.3 1 0
DEMOX_ADMINAUTH/internal/app/role/api/update.go:70.2,70.31 1 0
DEMOX_ADMINAUTH/internal/app/role/api/update.go:70.31,74.3 2 0
DEMOX_ADMINAUTH/internal/app/role/api/update.go:76.2,76.12 1 0
DEMOX_ADMINAUTH/internal/app/sys/api/act.go:19.73,21.2 1 0
DEMOX_ADMINAUTH/internal/app/sys/api/act.go:31.32,34.16 3 0
DEMOX_ADMINAUTH/internal/app/sys/api/act.go:34.16,36.3 1 0
DEMOX_ADMINAUTH/internal/app/sys/api/act.go:38.2,39.16 2 0
DEMOX_ADMINAUTH/internal/app/sys/api/act.go:39.16,41.3 1 0
DEMOX_ADMINAUTH/internal/app/sys/api/act.go:43.2,43.14 1 0
DEMOX_ADMINAUTH/internal/app/sys/api/act.go:44.15,45.38 1 0
DEMOX_ADMINAUTH/internal/app/sys/api/act.go:45.38,46.23 1 0
DEMOX_ADMINAUTH/internal/app/sys/api/act.go:46.23,48.5 1 0
DEMOX_ADMINAUTH/internal/app/sys/api/act.go:48.10,48.30 1 0
DEMOX_ADMINAUTH/internal/app/sys/api/act.go:48.30,50.5 1 0
DEMOX_ADMINAUTH/internal/app/sys/api/act.go:50.10,52.5 1 0
DEMOX_ADMINAUTH/internal/app/sys/api/act.go:53.9,55.4 1 0
DEMOX_ADMINAUTH/internal/app/sys/api/act.go:56.16,57.37 1 0
DEMOX_ADMINAUTH/internal/app/sys/api/act.go:57.37,58.23 1 0
DEMOX_ADMINAUTH/internal/app/sys/api/act.go:58.23,60.5 1 0
DEMOX_ADMINAUTH/internal/app/sys/api/act.go:60.10,60.30 1 0
DEMOX_ADMINAUTH/internal/app/sys/api/act.go:60.30,62.5 1 0
DEMOX_ADMINAUTH/internal/app/sys/api/act.go:62.10,64.5 1 0
DEMOX_ADMINAUTH/internal/app/sys/api/act.go:65.9,67.4 1 0
DEMOX_ADMINAUTH/internal/app/sys/api/act.go:68.10,69.36 1 0
DEMOX_ADMINAUTH/internal/app/sys/api/act.go:71.2,72.12 2 0
DEMOX_ADMINAUTH/internal/app/sys/api/info.go:19.75,21.2 1 0
DEMOX_ADMINAUTH/internal/app/sys/api/info.go:29.34,33.35 4 0
DEMOX_ADMINAUTH/internal/app/sys/api/info.go:33.35,35.3 1 0
DEMOX_ADMINAUTH/internal/app/sys/api/info.go:35.8,37.3 1 0
DEMOX_ADMINAUTH/internal/app/sys/api/info.go:39.2,39.22 1 0
DEMOX_ADMINAUTH/internal/app/sys/api/info.go:39.22,41.3 1 0
DEMOX_ADMINAUTH/internal/app/sys/api/info.go:41.8,43.3 1 0
DEMOX_ADMINAUTH/internal/app/sys/api/info.go:45.2,46.12 2 0
DEMOX_ADMINAUTH/internal/app/admin/api/create.go:20.78,22.2 1 0
DEMOX_ADMINAUTH/internal/app/admin/api/create.go:32.37,37.16 3 0
DEMOX_ADMINAUTH/internal/app/admin/api/create.go:37.16,39.3 1 0
DEMOX_ADMINAUTH/internal/app/admin/api/create.go:41.2,42.16 2 0
DEMOX_ADMINAUTH/internal/app/admin/api/create.go:42.16,44.3 1 0
DEMOX_ADMINAUTH/internal/app/admin/api/create.go:45.2,46.12 2 0
DEMOX_ADMINAUTH/internal/app/admin/api/create.go:49.65,52.39 2 0
DEMOX_ADMINAUTH/internal/app/admin/api/create.go:52.39,54.3 1 0
DEMOX_ADMINAUTH/internal/app/admin/api/create.go:56.2,57.28 2 0
DEMOX_ADMINAUTH/internal/app/admin/api/create.go:57.28,59.3 1 0
DEMOX_ADMINAUTH/internal/app/admin/api/create.go:60.2,60.40 1 0
DEMOX_ADMINAUTH/internal/app/admin/api/create.go:60.40,62.3 1 0
DEMOX_ADMINAUTH/internal/app/admin/api/create.go:63.2,63.12 1 0
DEMOX_ADMINAUTH/internal/app/admin/api/create.go:66.64,69.83 3 0
DEMOX_ADMINAUTH/internal/app/admin/api/create.go:69.83,71.3 1 0
DEMOX_ADMINAUTH/internal/app/admin/api/create.go:71.8,71.20 1 0
DEMOX_ADMINAUTH/internal/app/admin/api/create.go:71.20,73.3 1 0
DEMOX_ADMINAUTH/internal/app/admin/api/create.go:92.2,92.12 1 0
DEMOX_ADMINAUTH/internal/app/admin/api/del.go:20.75,22.2 1 0
DEMOX_ADMINAUTH/internal/app/admin/api/del.go:36.34,39.16 3 0
DEMOX_ADMINAUTH/internal/app/admin/api/del.go:39.16,41.3 1 0
DEMOX_ADMINAUTH/internal/app/admin/api/del.go:43.2,44.16 2 0
DEMOX_ADMINAUTH/internal/app/admin/api/del.go:44.16,46.3 1 0
DEMOX_ADMINAUTH/internal/app/admin/api/del.go:48.2,48.15 1 0
DEMOX_ADMINAUTH/internal/app/admin/api/del.go:48.15,50.3 1 0
DEMOX_ADMINAUTH/internal/app/admin/api/del.go:52.2,52.40 1 0
DEMOX_ADMINAUTH/internal/app/admin/api/del.go:52.40,54.3 1 0
DEMOX_ADMINAUTH/internal/app/admin/api/del.go:54.8,57.3 2 0
DEMOX_ADMINAUTH/internal/app/admin/api/del.go:60.46,64.38 4 0
DEMOX_ADMINAUTH/internal/app/admin/api/del.go:64.38,65.40 1 0
DEMOX_ADMINAUTH/internal/app/admin/api/del.go:65.40,67.4 1 0
DEMOX_ADMINAUTH/internal/app/admin/api/del.go:67.9,69.4 1 0
DEMOX_ADMINAUTH/internal/app/admin/api/del.go:71.2,71.40 1 0
DEMOX_ADMINAUTH/internal/app/admin/api/del.go:71.40,73.3 1 0
DEMOX_ADMINAUTH/internal/app/admin/api/del.go:74.2,74.12 1 0
DEMOX_ADMINAUTH/internal/app/admin/api/query.go:18.77,20.2 1 0
DEMOX_ADMINAUTH/internal/app/admin/api/query.go:36.36,38.16 2 0
DEMOX_ADMINAUTH/internal/app/admin/api/query.go:38.16,40.3 1 0
DEMOX_ADMINAUTH/internal/app/admin/api/query.go:40.8,43.3 2 0
DEMOX_ADMINAUTH/internal/app/admin/api/query.go:53.54,67.2 7 0
DEMOX_ADMINAUTH/internal/app/admin/api/resetPwd.go:29.80,31.2 1 0
DEMOX_ADMINAUTH/internal/app/admin/api/resetPwd.go:41.39,44.16 3 0
DEMOX_ADMINAUTH/internal/app/admin/api/resetPwd.go:44.16,46.3 1 0
DEMOX_ADMINAUTH/internal/app/admin/api/resetPwd.go:47.2,50.16 4 0
DEMOX_ADMINAUTH/internal/app/admin/api/resetPwd.go:50.16,52.3 1 0
DEMOX_ADMINAUTH/internal/app/admin/api/resetPwd.go:53.2,54.12 2 0
DEMOX_ADMINAUTH/internal/app/admin/api/resetPwd.go:57.85,60.16 2 0
DEMOX_ADMINAUTH/internal/app/admin/api/resetPwd.go:60.16,62.3 1 0
DEMOX_ADMINAUTH/internal/app/admin/api/resetPwd.go:63.2,63.20 1 0
DEMOX_ADMINAUTH/internal/app/admin/api/resetPwd.go:63.20,65.3 1 0
DEMOX_ADMINAUTH/internal/app/admin/api/resetPwd.go:67.2,68.84 2 0
DEMOX_ADMINAUTH/internal/app/admin/api/resetPwd.go:68.84,69.40 1 0
DEMOX_ADMINAUTH/internal/app/admin/api/resetPwd.go:69.40,71.4 1 0
DEMOX_ADMINAUTH/internal/app/admin/api/resetPwd.go:71.9,73.4 1 0
DEMOX_ADMINAUTH/internal/app/admin/api/resetPwd.go:76.2,85.22 6 0
DEMOX_ADMINAUTH/internal/app/admin/api/resetPwd.go:92.44,95.25 2 0
DEMOX_ADMINAUTH/internal/app/admin/api/resetPwd.go:95.25,98.3 2 0
DEMOX_ADMINAUTH/internal/app/admin/api/resetPwd.go:99.2,99.25 1 0
DEMOX_ADMINAUTH/internal/app/admin/api/resetPwd.go:99.25,102.3 2 0
DEMOX_ADMINAUTH/internal/app/admin/api/resetPwd.go:103.2,103.11 1 0
DEMOX_ADMINAUTH/internal/app/admin/api/update.go:23.78,25.2 1 0
DEMOX_ADMINAUTH/internal/app/admin/api/update.go:36.37,39.16 3 0
DEMOX_ADMINAUTH/internal/app/admin/api/update.go:39.16,41.3 1 0
DEMOX_ADMINAUTH/internal/app/admin/api/update.go:42.2,44.16 3 0
DEMOX_ADMINAUTH/internal/app/admin/api/update.go:44.16,46.3 1 0
DEMOX_ADMINAUTH/internal/app/admin/api/update.go:47.2,49.16 3 0
DEMOX_ADMINAUTH/internal/app/admin/api/update.go:49.16,51.3 1 0
DEMOX_ADMINAUTH/internal/app/admin/api/update.go:52.2,53.12 2 0
DEMOX_ADMINAUTH/internal/app/admin/api/update.go:55.71,59.54 4 0
DEMOX_ADMINAUTH/internal/app/admin/api/update.go:59.54,60.40 1 0
DEMOX_ADMINAUTH/internal/app/admin/api/update.go:60.40,62.4 1 0
DEMOX_ADMINAUTH/internal/app/admin/api/update.go:62.9,64.4 1 0
DEMOX_ADMINAUTH/internal/app/admin/api/update.go:66.2,67.16 2 0
DEMOX_ADMINAUTH/internal/app/admin/api/update.go:67.16,69.3 1 0
DEMOX_ADMINAUTH/internal/app/admin/api/update.go:71.2,71.18 1 0
DEMOX_ADMINAUTH/internal/app/admin/api/update.go:71.18,73.3 1 0
DEMOX_ADMINAUTH/internal/app/admin/api/update.go:83.2,83.124 1 0
DEMOX_ADMINAUTH/internal/app/admin/api/update.go:83.124,85.3 1 0
DEMOX_ADMINAUTH/internal/app/admin/api/update.go:87.2,87.72 1 0
DEMOX_ADMINAUTH/internal/app/admin/api/update.go:87.72,89.3 1 0
DEMOX_ADMINAUTH/internal/app/admin/api/update.go:91.2,91.12 1 0
DEMOX_ADMINAUTH/internal/app/admin/api/update.go:94.70,96.20 2 0
DEMOX_ADMINAUTH/internal/app/admin/api/update.go:96.20,97.112 1 0
DEMOX_ADMINAUTH/internal/app/admin/api/update.go:97.112,99.4 1 0
DEMOX_ADMINAUTH/internal/app/admin/api/update.go:99.9,99.21 1 0
DEMOX_ADMINAUTH/internal/app/admin/api/update.go:99.21,101.4 1 0
DEMOX_ADMINAUTH/internal/app/admin/api/update.go:104.2,104.20 1 0
DEMOX_ADMINAUTH/internal/app/admin/api/update.go:104.20,105.111 1 0
DEMOX_ADMINAUTH/internal/app/admin/api/update.go:105.111,107.4 1 0
DEMOX_ADMINAUTH/internal/app/admin/api/update.go:107.9,107.21 1 0
DEMOX_ADMINAUTH/internal/app/admin/api/update.go:107.21,109.4 1 0
DEMOX_ADMINAUTH/internal/app/admin/api/update.go:112.2,112.12 1 0
DEMOX_ADMINAUTH/internal/app/auth/api/create.go:18.77,20.2 1 0
DEMOX_ADMINAUTH/internal/app/auth/api/create.go:30.36,34.16 3 0
DEMOX_ADMINAUTH/internal/app/auth/api/create.go:34.16,36.3 1 0
DEMOX_ADMINAUTH/internal/app/auth/api/create.go:38.2,39.16 2 0
DEMOX_ADMINAUTH/internal/app/auth/api/create.go:39.16,41.3 1 0
DEMOX_ADMINAUTH/internal/app/auth/api/create.go:43.2,45.12 3 0
DEMOX_ADMINAUTH/internal/app/auth/api/create.go:48.62,52.78 3 0
DEMOX_ADMINAUTH/internal/app/auth/api/create.go:52.78,54.3 1 0
DEMOX_ADMINAUTH/internal/app/auth/api/create.go:56.2,56.40 1 0
DEMOX_ADMINAUTH/internal/app/auth/api/create.go:56.40,58.3 1 0
DEMOX_ADMINAUTH/internal/app/auth/api/create.go:59.2,59.12 1 0
DEMOX_ADMINAUTH/internal/app/auth/api/delete.go:19.74,21.2 1 0
DEMOX_ADMINAUTH/internal/app/auth/api/delete.go:34.33,37.16 3 0
DEMOX_ADMINAUTH/internal/app/auth/api/delete.go:37.16,39.3 1 0
DEMOX_ADMINAUTH/internal/app/auth/api/delete.go:41.2,41.40 1 0
DEMOX_ADMINAUTH/internal/app/auth/api/delete.go:41.40,43.3 1 0
DEMOX_ADMINAUTH/internal/app/auth/api/delete.go:43.8,47.3 3 0
DEMOX_ADMINAUTH/internal/app/auth/api/delete.go:50.45,54.38 4 0
DEMOX_ADMINAUTH/internal/app/auth/api/delete.go:54.38,55.40 1 0
DEMOX_ADMINAUTH/internal/app/auth/api/delete.go:55.40,57.4 1 0
DEMOX_ADMINAUTH/internal/app/auth/api/delete.go:57.9,59.4 1 0
DEMOX_ADMINAUTH/internal/app/auth/api/delete.go:61.2,62.92 2 0
DEMOX_ADMINAUTH/internal/app/auth/api/delete.go:62.92,64.3 1 0
DEMOX_ADMINAUTH/internal/app/auth/api/delete.go:66.2,66.13 1 0
DEMOX_ADMINAUTH/internal/app/auth/api/delete.go:66.13,68.3 1 0
DEMOX_ADMINAUTH/internal/app/auth/api/delete.go:70.2,70.40 1 0
DEMOX_ADMINAUTH/internal/app/auth/api/delete.go:70.40,72.3 1 0
DEMOX_ADMINAUTH/internal/app/auth/api/delete.go:73.2,73.12 1 0
DEMOX_ADMINAUTH/internal/app/auth/api/getUrl.go:20.77,22.2 1 0
DEMOX_ADMINAUTH/internal/app/auth/api/getUrl.go:31.36,34.2 2 0
DEMOX_ADMINAUTH/internal/app/auth/api/query.go:17.76,19.2 1 0
DEMOX_ADMINAUTH/internal/app/auth/api/query.go:29.35,32.16 2 0
DEMOX_ADMINAUTH/internal/app/auth/api/query.go:32.16,34.3 1 0
DEMOX_ADMINAUTH/internal/app/auth/api/query.go:34.8,37.3 2 0
DEMOX_ADMINAUTH/internal/app/auth/api/query.go:44.53,49.16 4 0
DEMOX_ADMINAUTH/internal/app/auth/api/query.go:49.16,50.161 1 0
DEMOX_ADMINAUTH/internal/app/auth/api/query.go:50.161,52.4 1 0
DEMOX_ADMINAUTH/internal/app/auth/api/query.go:53.8,54.127 1 0
DEMOX_ADMINAUTH/internal/app/auth/api/query.go:54.127,56.4 1 0
DEMOX_ADMINAUTH/internal/app/auth/api/query.go:59.2,59.17 1 0
DEMOX_ADMINAUTH/internal/app/auth/api/update.go:19.77,21.2 1 0
DEMOX_ADMINAUTH/internal/app/auth/api/update.go:32.36,35.16 3 0
DEMOX_ADMINAUTH/internal/app/auth/api/update.go:35.16,37.3 1 0
DEMOX_ADMINAUTH/internal/app/auth/api/update.go:38.2,40.16 3 0
DEMOX_ADMINAUTH/internal/app/auth/api/update.go:40.16,42.3 1 0
DEMOX_ADMINAUTH/internal/app/auth/api/update.go:43.2,45.16 3 0
DEMOX_ADMINAUTH/internal/app/auth/api/update.go:45.16,47.3 1 0
DEMOX_ADMINAUTH/internal/app/auth/api/update.go:49.2,51.12 3 0
DEMOX_ADMINAUTH/internal/app/auth/api/update.go:54.68,58.54 4 0
DEMOX_ADMINAUTH/internal/app/auth/api/update.go:58.54,59.40 1 0
DEMOX_ADMINAUTH/internal/app/auth/api/update.go:59.40,61.4 1 0
DEMOX_ADMINAUTH/internal/app/auth/api/update.go:61.9,63.4 1 0
DEMOX_ADMINAUTH/internal/app/auth/api/update.go:66.2,66.41 1 0
DEMOX_ADMINAUTH/internal/app/auth/api/update.go:66.41,68.3 1 0
DEMOX_ADMINAUTH/internal/app/auth/api/update.go:69.2,69.12 1 0
DEMOX_ADMINAUTH/internal/app/my/api/getAuth.go:27.73,29.2 1 0
DEMOX_ADMINAUTH/internal/app/my/api/getAuth.go:43.32,46.16 2 0
DEMOX_ADMINAUTH/internal/app/my/api/getAuth.go:46.16,48.3 1 0
DEMOX_ADMINAUTH/internal/app/my/api/getAuth.go:49.2,51.22 3 0
DEMOX_ADMINAUTH/internal/app/my/api/getAuth.go:51.22,54.95 1 0
DEMOX_ADMINAUTH/internal/app/my/api/getAuth.go:54.95,55.41 1 0
DEMOX_ADMINAUTH/internal/app/my/api/getAuth.go:55.41,57.5 1 0
DEMOX_ADMINAUTH/internal/app/my/api/getAuth.go:58.4,58.18 1 0
DEMOX_ADMINAUTH/internal/app/my/api/getAuth.go:60.3,61.27 2 0
DEMOX_ADMINAUTH/internal/app/my/api/getAuth.go:61.27,65.4 3 0
DEMOX_ADMINAUTH/internal/app/my/api/getAuth.go:66.8,67.15 1 0
DEMOX_ADMINAUTH/internal/app/my/api/getAuth.go:67.15,71.4 3 0
DEMOX_ADMINAUTH/internal/app/my/api/getAuth.go:73.2,74.22 2 0
DEMOX_ADMINAUTH/internal/app/my/api/getAuth.go:74.22,75.20 1 0
DEMOX_ADMINAUTH/internal/app/my/api/getAuth.go:75.20,76.96 1 0
DEMOX_ADMINAUTH/internal/app/my/api/getAuth.go:76.96,77.42 1 0
DEMOX_ADMINAUTH/internal/app/my/api/getAuth.go:77.42,79.6 1 0
DEMOX_ADMINAUTH/internal/app/my/api/getAuth.go:80.5,80.19 1 0
DEMOX_ADMINAUTH/internal/app/my/api/getAuth.go:84.3,85.54 2 0
DEMOX_ADMINAUTH/internal/app/my/api/getAuth.go:85.54,87.4 1 0
DEMOX_ADMINAUTH/internal/app/my/api/getAuth.go:87.9,89.4 1 0
DEMOX_ADMINAUTH/internal/app/my/api/getAuth.go:90.3,92.13 3 0
DEMOX_ADMINAUTH/internal/app/my/api/getAuth.go:94.2,95.64 2 0
DEMOX_ADMINAUTH/internal/app/my/api/getAuth.go:95.64,97.3 1 0
DEMOX_ADMINAUTH/internal/app/my/api/getAuth.go:98.2,100.12 2 0
DEMOX_ADMINAUTH/internal/app/my/api/info.go:23.73,25.2 1 0
DEMOX_ADMINAUTH/internal/app/my/api/info.go:33.32,36.16 2 0
DEMOX_ADMINAUTH/internal/app/my/api/info.go:36.16,38.3 1 0
DEMOX_ADMINAUTH/internal/app/my/api/info.go:40.2,41.81 2 0
DEMOX_ADMINAUTH/internal/app/my/api/info.go:41.81,42.40 1 0
DEMOX_ADMINAUTH/internal/app/my/api/info.go:42.40,44.4 1 0
DEMOX_ADMINAUTH/internal/app/my/api/info.go:44.9,46.4 1 0
DEMOX_ADMINAUTH/internal/app/my/api/info.go:48.2,49.12 2 0
DEMOX_ADMINAUTH/internal/app/my/api/login.go:26.72,28.2 1 0
DEMOX_ADMINAUTH/internal/app/my/api/login.go:41.31,46.16 3 0
DEMOX_ADMINAUTH/internal/app/my/api/login.go:46.16,48.3 1 0
DEMOX_ADMINAUTH/internal/app/my/api/login.go:50.2,51.16 2 0
DEMOX_ADMINAUTH/internal/app/my/api/login.go:51.16,53.3 1 0
DEMOX_ADMINAUTH/internal/app/my/api/login.go:54.2,55.12 2 0
DEMOX_ADMINAUTH/internal/app/my/api/login.go:57.72,59.16 2 0
DEMOX_ADMINAUTH/internal/app/my/api/login.go:59.16,61.3 1 0
DEMOX_ADMINAUTH/internal/app/my/api/login.go:63.2,64.24 2 0
DEMOX_ADMINAUTH/internal/app/my/api/login.go:64.24,66.3 1 0
DEMOX_ADMINAUTH/internal/app/my/api/login.go:69.2,70.16 2 0
DEMOX_ADMINAUTH/internal/app/my/api/login.go:70.16,72.3 1 0
DEMOX_ADMINAUTH/internal/app/my/api/login.go:74.2,83.16 2 0
DEMOX_ADMINAUTH/internal/app/my/api/login.go:83.16,85.3 1 0
DEMOX_ADMINAUTH/internal/app/my/api/login.go:85.8,88.17 2 0
DEMOX_ADMINAUTH/internal/app/my/api/login.go:88.17,90.4 1 0
DEMOX_ADMINAUTH/internal/app/my/api/login.go:91.3,95.9 1 0
DEMOX_ADMINAUTH/internal/app/my/api/login.go:100.80,102.93 2 0
DEMOX_ADMINAUTH/internal/app/my/api/login.go:102.93,103.40 1 0
DEMOX_ADMINAUTH/internal/app/my/api/login.go:103.40,105.4 1 0
DEMOX_ADMINAUTH/internal/app/my/api/login.go:105.9,107.4 1 0
DEMOX_ADMINAUTH/internal/app/my/api/login.go:110.2,110.51 1 0
DEMOX_ADMINAUTH/internal/app/my/api/login.go:110.51,112.3 1 0
DEMOX_ADMINAUTH/internal/app/my/api/login.go:114.2,114.22 1 0
DEMOX_ADMINAUTH/internal/app/my/api/login.go:114.22,116.3 1 0
DEMOX_ADMINAUTH/internal/app/my/api/login.go:118.2,118.16 1 0
DEMOX_ADMINAUTH/internal/app/my/api/login.go:121.59,125.54 2 0
DEMOX_ADMINAUTH/internal/app/my/api/login.go:125.54,127.3 1 0
DEMOX_ADMINAUTH/internal/app/my/api/login.go:127.8,129.153 2 0
DEMOX_ADMINAUTH/internal/app/my/api/login.go:129.153,131.4 1 0
DEMOX_ADMINAUTH/internal/app/my/api/login.go:133.2,133.23 1 0
DEMOX_ADMINAUTH/internal/app/my/api/login.go:137.62,139.60 2 0
DEMOX_ADMINAUTH/internal/app/my/api/login.go:139.60,141.3 1 0
DEMOX_ADMINAUTH/internal/app/my/api/login.go:141.8,142.215 1 0
DEMOX_ADMINAUTH/internal/app/my/api/login.go:142.215,144.4 1 0
DEMOX_ADMINAUTH/internal/app/my/api/login.go:144.9,146.4 1 0
DEMOX_ADMINAUTH/internal/app/my/api/logout.go:22.73,24.2 1 0
DEMOX_ADMINAUTH/internal/app/my/api/logout.go:33.32,37.2 3 0
DEMOX_ADMINAUTH/internal/app/my/api/logout.go:39.36,42.16 2 0
DEMOX_ADMINAUTH/internal/app/my/api/logout.go:42.16,44.3 1 0
DEMOX_ADMINAUTH/internal/app/my/api/logout.go:46.2,50.12 3 0
DEMOX_ADMINAUTH/internal/app/my/api/refreshToken.go:24.79,26.2 1 0
DEMOX_ADMINAUTH/internal/app/my/api/refreshToken.go:38.38,41.40 2 0
DEMOX_ADMINAUTH/internal/app/my/api/refreshToken.go:41.40,43.3 1 0
DEMOX_ADMINAUTH/internal/app/my/api/refreshToken.go:45.2,46.16 2 0
DEMOX_ADMINAUTH/internal/app/my/api/refreshToken.go:46.16,48.3 1 0
DEMOX_ADMINAUTH/internal/app/my/api/refreshToken.go:51.2,52.16 2 0
DEMOX_ADMINAUTH/internal/app/my/api/refreshToken.go:52.16,54.3 1 0
DEMOX_ADMINAUTH/internal/app/my/api/refreshToken.go:56.2,56.28 1 0
DEMOX_ADMINAUTH/internal/app/my/api/refreshToken.go:56.28,59.3 2 0
DEMOX_ADMINAUTH/internal/app/my/api/refreshToken.go:61.2,62.16 2 0
DEMOX_ADMINAUTH/internal/app/my/api/refreshToken.go:62.16,64.3 1 0
DEMOX_ADMINAUTH/internal/app/my/api/refreshToken.go:66.2,67.12 2 0
DEMOX_ADMINAUTH/internal/app/my/api/refreshToken.go:70.72,74.16 2 0
DEMOX_ADMINAUTH/internal/app/my/api/refreshToken.go:74.16,76.3 1 0
DEMOX_ADMINAUTH/internal/app/my/api/refreshToken.go:78.2,82.13 5 0
DEMOX_ADMINAUTH/internal/app/my/api/refreshToken.go:82.13,84.3 1 0
DEMOX_ADMINAUTH/internal/app/my/api/refreshToken.go:84.8,86.3 1 0
DEMOX_ADMINAUTH/internal/app/my/api/refreshToken.go:87.2,95.16 1 0
DEMOX_ADMINAUTH/internal/app/my/api/refreshToken.go:95.16,97.3 1 0
DEMOX_ADMINAUTH/internal/app/my/api/refreshToken.go:97.8,100.17 2 0
DEMOX_ADMINAUTH/internal/app/my/api/refreshToken.go:100.17,102.4 1 0
DEMOX_ADMINAUTH/internal/app/my/api/refreshToken.go:103.3,107.9 1 0
DEMOX_ADMINAUTH/internal/app/my/api/refreshToken.go:112.69,114.60 2 0
DEMOX_ADMINAUTH/internal/app/my/api/refreshToken.go:114.60,116.3 1 0
DEMOX_ADMINAUTH/internal/app/my/api/refreshToken.go:116.8,117.215 1 0
DEMOX_ADMINAUTH/internal/app/my/api/refreshToken.go:117.215,119.4 1 0
DEMOX_ADMINAUTH/internal/app/my/api/refreshToken.go:119.9,121.4 1 0
DEMOX_ADMINAUTH/internal/app/my/api/update.go:25.75,27.2 1 0
DEMOX_ADMINAUTH/internal/app/my/api/update.go:37.34,44.16 5 0
DEMOX_ADMINAUTH/internal/app/my/api/update.go:44.16,46.3 1 0
DEMOX_ADMINAUTH/internal/app/my/api/update.go:47.2,49.16 3 0
DEMOX_ADMINAUTH/internal/app/my/api/update.go:49.16,51.3 1 0
DEMOX_ADMINAUTH/internal/app/my/api/update.go:52.2,53.12 2 0
DEMOX_ADMINAUTH/internal/app/my/api/update.go:56.59,59.84 2 0
DEMOX_ADMINAUTH/internal/app/my/api/update.go:59.84,60.40 1 0
DEMOX_ADMINAUTH/internal/app/my/api/update.go:60.40,62.4 1 0
DEMOX_ADMINAUTH/internal/app/my/api/update.go:62.9,64.4 1 0
DEMOX_ADMINAUTH/internal/app/my/api/update.go:72.2,72.110 1 0
DEMOX_ADMINAUTH/internal/app/my/api/update.go:72.110,74.3 1 0
DEMOX_ADMINAUTH/internal/app/my/api/update.go:75.2,75.12 1 0
DEMOX_ADMINAUTH/internal/app/my/api/update.go:79.55,82.20 2 0
DEMOX_ADMINAUTH/internal/app/my/api/update.go:82.20,83.94 1 0
DEMOX_ADMINAUTH/internal/app/my/api/update.go:83.94,85.4 1 0
DEMOX_ADMINAUTH/internal/app/my/api/update.go:85.9,85.21 1 0
DEMOX_ADMINAUTH/internal/app/my/api/update.go:85.21,87.4 1 0
DEMOX_ADMINAUTH/internal/app/my/api/update.go:90.2,90.20 1 0
DEMOX_ADMINAUTH/internal/app/my/api/update.go:90.20,91.92 1 0
DEMOX_ADMINAUTH/internal/app/my/api/update.go:91.92,93.4 1 0
DEMOX_ADMINAUTH/internal/app/my/api/update.go:93.9,93.21 1 0
DEMOX_ADMINAUTH/internal/app/my/api/update.go:93.21,95.4 1 0
DEMOX_ADMINAUTH/internal/app/my/api/update.go:97.2,97.12 1 0
DEMOX_ADMINAUTH/internal/app/my/api/updatePwd.go:26.78,28.2 1 0
DEMOX_ADMINAUTH/internal/app/my/api/updatePwd.go:38.35,45.16 5 0
DEMOX_ADMINAUTH/internal/app/my/api/updatePwd.go:45.16,47.3 1 0
DEMOX_ADMINAUTH/internal/app/my/api/updatePwd.go:48.2,49.16 2 0
DEMOX_ADMINAUTH/internal/app/my/api/updatePwd.go:49.16,51.3 1 0
DEMOX_ADMINAUTH/internal/app/my/api/updatePwd.go:52.2,53.12 2 0
DEMOX_ADMINAUTH/internal/app/my/api/updatePwd.go:56.78,58.78 2 0
DEMOX_ADMINAUTH/internal/app/my/api/updatePwd.go:58.78,60.3 1 0
DEMOX_ADMINAUTH/internal/app/my/api/updatePwd.go:63.2,63.51 1 0
DEMOX_ADMINAUTH/internal/app/my/api/updatePwd.go:63.51,65.3 1 0
DEMOX_ADMINAUTH/internal/app/my/api/updatePwd.go:66.2,70.16 4 0
DEMOX_ADMINAUTH/internal/app/role/api/create.go:18.77,20.2 1 0
DEMOX_ADMINAUTH/internal/app/role/api/create.go:30.36,34.16 3 0
DEMOX_ADMINAUTH/internal/app/role/api/create.go:34.16,36.3 1 0
DEMOX_ADMINAUTH/internal/app/role/api/create.go:38.2,39.16 2 0
DEMOX_ADMINAUTH/internal/app/role/api/create.go:39.16,41.3 1 0
DEMOX_ADMINAUTH/internal/app/role/api/create.go:42.2,43.12 2 0
DEMOX_ADMINAUTH/internal/app/role/api/create.go:46.62,50.81 3 0
DEMOX_ADMINAUTH/internal/app/role/api/create.go:50.81,52.3 1 0
DEMOX_ADMINAUTH/internal/app/role/api/create.go:54.2,54.40 1 0
DEMOX_ADMINAUTH/internal/app/role/api/create.go:54.40,56.3 1 0
DEMOX_ADMINAUTH/internal/app/role/api/create.go:57.2,57.12 1 0
DEMOX_ADMINAUTH/internal/app/role/api/delete.go:19.74,21.2 1 0
DEMOX_ADMINAUTH/internal/app/role/api/delete.go:33.33,36.16 3 0
DEMOX_ADMINAUTH/internal/app/role/api/delete.go:36.16,38.3 1 0
DEMOX_ADMINAUTH/internal/app/role/api/delete.go:39.2,39.40 1 0
DEMOX_ADMINAUTH/internal/app/role/api/delete.go:39.40,41.3 1 0
DEMOX_ADMINAUTH/internal/app/role/api/delete.go:41.8,44.3 2 0
DEMOX_ADMINAUTH/internal/app/role/api/delete.go:47.45,51.38 4 0
DEMOX_ADMINAUTH/internal/app/role/api/delete.go:51.38,52.40 1 0
DEMOX_ADMINAUTH/internal/app/role/api/delete.go:52.40,54.4 1 0
DEMOX_ADMINAUTH/internal/app/role/api/delete.go:54.9,56.4 1 0
DEMOX_ADMINAUTH/internal/app/role/api/delete.go:58.2,58.40 1 0
DEMOX_ADMINAUTH/internal/app/role/api/delete.go:58.40,60.3 1 0
DEMOX_ADMINAUTH/internal/app/role/api/delete.go:62.2,63.12 2 0
DEMOX_ADMINAUTH/internal/app/role/api/query.go:19.76,21.2 1 0
DEMOX_ADMINAUTH/internal/app/role/api/query.go:35.35,38.16 2 0
DEMOX_ADMINAUTH/internal/app/role/api/query.go:38.16,40.3 1 0
DEMOX_ADMINAUTH/internal/app/role/api/query.go:40.8,43.3 2 0
DEMOX_ADMINAUTH/internal/app/role/api/query.go:51.53,55.44 4 0
DEMOX_ADMINAUTH/internal/app/role/api/query.go:55.44,58.3 2 0
DEMOX_ADMINAUTH/internal/app/role/api/query.go:59.2,59.15 1 0
DEMOX_ADMINAUTH/internal/app/role/api/setAuth.go:21.74,23.2 1 0
DEMOX_ADMINAUTH/internal/app/role/api/setAuth.go:34.33,37.16 3 0
DEMOX_ADMINAUTH/internal/app/role/api/setAuth.go:37.16,39.3 1 0
DEMOX_ADMINAUTH/internal/app/role/api/setAuth.go:41.2,43.16 3 0
DEMOX_ADMINAUTH/internal/app/role/api/setAuth.go:43.16,45.3 1 0
DEMOX_ADMINAUTH/internal/app/role/api/setAuth.go:46.2,47.40 2 0
DEMOX_ADMINAUTH/internal/app/role/api/setAuth.go:47.40,49.3 1 0
DEMOX_ADMINAUTH/internal/app/role/api/setAuth.go:50.2,51.12 2 0
DEMOX_ADMINAUTH/internal/app/role/api/setAuth.go:54.63,57.54 3 0
DEMOX_ADMINAUTH/internal/app/role/api/setAuth.go:57.54,58.40 1 0
DEMOX_ADMINAUTH/internal/app/role/api/setAuth.go:58.40,60.4 1 0
DEMOX_ADMINAUTH/internal/app/role/api/setAuth.go:60.9,62.4 1 0
DEMOX_ADMINAUTH/internal/app/role/api/setAuth.go:67.2,67.41 1 0
DEMOX_ADMINAUTH/internal/app/role/api/setAuth.go:67.41,69.3 1 0
DEMOX_ADMINAUTH/internal/app/role/api/setAuth.go:71.2,73.12 3 0
DEMOX_ADMINAUTH/internal/app/role/api/update.go:21.77,23.2 1 0
DEMOX_ADMINAUTH/internal/app/role/api/update.go:34.36,37.16 3 0
DEMOX_ADMINAUTH/internal/app/role/api/update.go:37.16,39.3 1 0
DEMOX_ADMINAUTH/internal/app/role/api/update.go:40.2,42.16 3 0
DEMOX_ADMINAUTH/internal/app/role/api/update.go:42.16,44.3 1 0
DEMOX_ADMINAUTH/internal/app/role/api/update.go:45.2,47.16 3 0
DEMOX_ADMINAUTH/internal/app/role/api/update.go:47.16,49.3 1 0
DEMOX_ADMINAUTH/internal/app/role/api/update.go:50.2,51.12 2 0
DEMOX_ADMINAUTH/internal/app/role/api/update.go:54.64,57.54 3 0
DEMOX_ADMINAUTH/internal/app/role/api/update.go:57.54,58.40 1 0
DEMOX_ADMINAUTH/internal/app/role/api/update.go:58.40,60.4 1 0
DEMOX_ADMINAUTH/internal/app/role/api/update.go:60.9,62.4 1 0
DEMOX_ADMINAUTH/internal/app/role/api/update.go:66.2,66.41 1 0
DEMOX_ADMINAUTH/internal/app/role/api/update.go:66.41,68.3 1 0
DEMOX_ADMINAUTH/internal/app/role/api/update.go:70.2,70.31 1 0
DEMOX_ADMINAUTH/internal/app/role/api/update.go:70.31,74.3 2 0
DEMOX_ADMINAUTH/internal/app/role/api/update.go:76.2,76.12 1 0
DEMOX_ADMINAUTH/internal/app/sys/api/act.go:19.73,21.2 1 1
DEMOX_ADMINAUTH/internal/app/sys/api/act.go:31.32,34.16 3 1
DEMOX_ADMINAUTH/internal/app/sys/api/act.go:34.16,36.3 1 0
DEMOX_ADMINAUTH/internal/app/sys/api/act.go:38.2,39.16 2 1
DEMOX_ADMINAUTH/internal/app/sys/api/act.go:39.16,41.3 1 0
DEMOX_ADMINAUTH/internal/app/sys/api/act.go:43.2,43.14 1 1
DEMOX_ADMINAUTH/internal/app/sys/api/act.go:44.15,45.38 1 1
DEMOX_ADMINAUTH/internal/app/sys/api/act.go:45.38,46.23 1 1
DEMOX_ADMINAUTH/internal/app/sys/api/act.go:46.23,48.5 1 0
DEMOX_ADMINAUTH/internal/app/sys/api/act.go:48.10,48.30 1 1
DEMOX_ADMINAUTH/internal/app/sys/api/act.go:48.30,50.5 1 1
DEMOX_ADMINAUTH/internal/app/sys/api/act.go:50.10,52.5 1 0
DEMOX_ADMINAUTH/internal/app/sys/api/act.go:53.9,55.4 1 0
DEMOX_ADMINAUTH/internal/app/sys/api/act.go:56.16,57.37 1 1
DEMOX_ADMINAUTH/internal/app/sys/api/act.go:57.37,58.23 1 1
DEMOX_ADMINAUTH/internal/app/sys/api/act.go:58.23,60.5 1 0
DEMOX_ADMINAUTH/internal/app/sys/api/act.go:60.10,60.30 1 1
DEMOX_ADMINAUTH/internal/app/sys/api/act.go:60.30,62.5 1 1
DEMOX_ADMINAUTH/internal/app/sys/api/act.go:62.10,64.5 1 0
DEMOX_ADMINAUTH/internal/app/sys/api/act.go:65.9,67.4 1 0
DEMOX_ADMINAUTH/internal/app/sys/api/act.go:68.10,69.36 1 0
DEMOX_ADMINAUTH/internal/app/sys/api/act.go:71.2,72.12 2 1
DEMOX_ADMINAUTH/internal/app/sys/api/info.go:19.75,21.2 1 1
DEMOX_ADMINAUTH/internal/app/sys/api/info.go:29.34,33.35 4 1
DEMOX_ADMINAUTH/internal/app/sys/api/info.go:33.35,35.3 1 1
DEMOX_ADMINAUTH/internal/app/sys/api/info.go:35.8,37.3 1 0
DEMOX_ADMINAUTH/internal/app/sys/api/info.go:39.2,39.22 1 1
DEMOX_ADMINAUTH/internal/app/sys/api/info.go:39.22,41.3 1 1
DEMOX_ADMINAUTH/internal/app/sys/api/info.go:41.8,43.3 1 0
DEMOX_ADMINAUTH/internal/app/sys/api/info.go:45.2,46.12 2 1
DEMOX_ADMINAUTH/internal/app/admin/api/create.go:20.78,22.2 1 0
DEMOX_ADMINAUTH/internal/app/admin/api/create.go:32.37,37.16 3 0
DEMOX_ADMINAUTH/internal/app/admin/api/create.go:37.16,39.3 1 0
DEMOX_ADMINAUTH/internal/app/admin/api/create.go:41.2,42.16 2 0
DEMOX_ADMINAUTH/internal/app/admin/api/create.go:42.16,44.3 1 0
DEMOX_ADMINAUTH/internal/app/admin/api/create.go:45.2,46.12 2 0
DEMOX_ADMINAUTH/internal/app/admin/api/create.go:49.65,52.39 2 0
DEMOX_ADMINAUTH/internal/app/admin/api/create.go:52.39,54.3 1 0
DEMOX_ADMINAUTH/internal/app/admin/api/create.go:56.2,57.28 2 0
DEMOX_ADMINAUTH/internal/app/admin/api/create.go:57.28,59.3 1 0
DEMOX_ADMINAUTH/internal/app/admin/api/create.go:60.2,60.40 1 0
DEMOX_ADMINAUTH/internal/app/admin/api/create.go:60.40,62.3 1 0
DEMOX_ADMINAUTH/internal/app/admin/api/create.go:63.2,63.12 1 0
DEMOX_ADMINAUTH/internal/app/admin/api/create.go:66.64,69.83 3 0
DEMOX_ADMINAUTH/internal/app/admin/api/create.go:69.83,71.3 1 0
DEMOX_ADMINAUTH/internal/app/admin/api/create.go:71.8,71.20 1 0
DEMOX_ADMINAUTH/internal/app/admin/api/create.go:71.20,73.3 1 0
DEMOX_ADMINAUTH/internal/app/admin/api/create.go:92.2,92.12 1 0
DEMOX_ADMINAUTH/internal/app/admin/api/del.go:20.75,22.2 1 0
DEMOX_ADMINAUTH/internal/app/admin/api/del.go:36.34,39.16 3 0
DEMOX_ADMINAUTH/internal/app/admin/api/del.go:39.16,41.3 1 0
DEMOX_ADMINAUTH/internal/app/admin/api/del.go:43.2,44.16 2 0
DEMOX_ADMINAUTH/internal/app/admin/api/del.go:44.16,46.3 1 0
DEMOX_ADMINAUTH/internal/app/admin/api/del.go:48.2,48.15 1 0
DEMOX_ADMINAUTH/internal/app/admin/api/del.go:48.15,50.3 1 0
DEMOX_ADMINAUTH/internal/app/admin/api/del.go:52.2,52.40 1 0
DEMOX_ADMINAUTH/internal/app/admin/api/del.go:52.40,54.3 1 0
DEMOX_ADMINAUTH/internal/app/admin/api/del.go:54.8,57.3 2 0
DEMOX_ADMINAUTH/internal/app/admin/api/del.go:60.46,64.38 4 0
DEMOX_ADMINAUTH/internal/app/admin/api/del.go:64.38,65.40 1 0
DEMOX_ADMINAUTH/internal/app/admin/api/del.go:65.40,67.4 1 0
DEMOX_ADMINAUTH/internal/app/admin/api/del.go:67.9,69.4 1 0
DEMOX_ADMINAUTH/internal/app/admin/api/del.go:71.2,71.40 1 0
DEMOX_ADMINAUTH/internal/app/admin/api/del.go:71.40,73.3 1 0
DEMOX_ADMINAUTH/internal/app/admin/api/del.go:74.2,74.12 1 0
DEMOX_ADMINAUTH/internal/app/admin/api/query.go:18.77,20.2 1 0
DEMOX_ADMINAUTH/internal/app/admin/api/query.go:36.36,38.16 2 0
DEMOX_ADMINAUTH/internal/app/admin/api/query.go:38.16,40.3 1 0
DEMOX_ADMINAUTH/internal/app/admin/api/query.go:40.8,43.3 2 0
DEMOX_ADMINAUTH/internal/app/admin/api/query.go:53.54,67.2 7 0
DEMOX_ADMINAUTH/internal/app/admin/api/resetPwd.go:29.80,31.2 1 0
DEMOX_ADMINAUTH/internal/app/admin/api/resetPwd.go:41.39,44.16 3 0
DEMOX_ADMINAUTH/internal/app/admin/api/resetPwd.go:44.16,46.3 1 0
DEMOX_ADMINAUTH/internal/app/admin/api/resetPwd.go:47.2,50.16 4 0
DEMOX_ADMINAUTH/internal/app/admin/api/resetPwd.go:50.16,52.3 1 0
DEMOX_ADMINAUTH/internal/app/admin/api/resetPwd.go:53.2,54.12 2 0
DEMOX_ADMINAUTH/internal/app/admin/api/resetPwd.go:57.85,60.16 2 0
DEMOX_ADMINAUTH/internal/app/admin/api/resetPwd.go:60.16,62.3 1 0
DEMOX_ADMINAUTH/internal/app/admin/api/resetPwd.go:63.2,63.20 1 0
DEMOX_ADMINAUTH/internal/app/admin/api/resetPwd.go:63.20,65.3 1 0
DEMOX_ADMINAUTH/internal/app/admin/api/resetPwd.go:67.2,68.84 2 0
DEMOX_ADMINAUTH/internal/app/admin/api/resetPwd.go:68.84,69.40 1 0
DEMOX_ADMINAUTH/internal/app/admin/api/resetPwd.go:69.40,71.4 1 0
DEMOX_ADMINAUTH/internal/app/admin/api/resetPwd.go:71.9,73.4 1 0
DEMOX_ADMINAUTH/internal/app/admin/api/resetPwd.go:76.2,85.22 6 0
DEMOX_ADMINAUTH/internal/app/admin/api/resetPwd.go:92.44,95.25 2 0
DEMOX_ADMINAUTH/internal/app/admin/api/resetPwd.go:95.25,98.3 2 0
DEMOX_ADMINAUTH/internal/app/admin/api/resetPwd.go:99.2,99.25 1 0
DEMOX_ADMINAUTH/internal/app/admin/api/resetPwd.go:99.25,102.3 2 0
DEMOX_ADMINAUTH/internal/app/admin/api/resetPwd.go:103.2,103.11 1 0
DEMOX_ADMINAUTH/internal/app/admin/api/update.go:23.78,25.2 1 0
DEMOX_ADMINAUTH/internal/app/admin/api/update.go:36.37,39.16 3 0
DEMOX_ADMINAUTH/internal/app/admin/api/update.go:39.16,41.3 1 0
DEMOX_ADMINAUTH/internal/app/admin/api/update.go:42.2,44.16 3 0
DEMOX_ADMINAUTH/internal/app/admin/api/update.go:44.16,46.3 1 0
DEMOX_ADMINAUTH/internal/app/admin/api/update.go:47.2,49.16 3 0
DEMOX_ADMINAUTH/internal/app/admin/api/update.go:49.16,51.3 1 0
DEMOX_ADMINAUTH/internal/app/admin/api/update.go:52.2,53.12 2 0
DEMOX_ADMINAUTH/internal/app/admin/api/update.go:55.71,59.54 4 0
DEMOX_ADMINAUTH/internal/app/admin/api/update.go:59.54,60.40 1 0
DEMOX_ADMINAUTH/internal/app/admin/api/update.go:60.40,62.4 1 0
DEMOX_ADMINAUTH/internal/app/admin/api/update.go:62.9,64.4 1 0
DEMOX_ADMINAUTH/internal/app/admin/api/update.go:66.2,67.16 2 0
DEMOX_ADMINAUTH/internal/app/admin/api/update.go:67.16,69.3 1 0
DEMOX_ADMINAUTH/internal/app/admin/api/update.go:71.2,71.18 1 0
DEMOX_ADMINAUTH/internal/app/admin/api/update.go:71.18,73.3 1 0
DEMOX_ADMINAUTH/internal/app/admin/api/update.go:83.2,83.124 1 0
DEMOX_ADMINAUTH/internal/app/admin/api/update.go:83.124,85.3 1 0
DEMOX_ADMINAUTH/internal/app/admin/api/update.go:87.2,87.72 1 0
DEMOX_ADMINAUTH/internal/app/admin/api/update.go:87.72,89.3 1 0
DEMOX_ADMINAUTH/internal/app/admin/api/update.go:91.2,91.12 1 0
DEMOX_ADMINAUTH/internal/app/admin/api/update.go:94.70,96.20 2 0
DEMOX_ADMINAUTH/internal/app/admin/api/update.go:96.20,97.112 1 0
DEMOX_ADMINAUTH/internal/app/admin/api/update.go:97.112,99.4 1 0
DEMOX_ADMINAUTH/internal/app/admin/api/update.go:99.9,99.21 1 0
DEMOX_ADMINAUTH/internal/app/admin/api/update.go:99.21,101.4 1 0
DEMOX_ADMINAUTH/internal/app/admin/api/update.go:104.2,104.20 1 0
DEMOX_ADMINAUTH/internal/app/admin/api/update.go:104.20,105.111 1 0
DEMOX_ADMINAUTH/internal/app/admin/api/update.go:105.111,107.4 1 0
DEMOX_ADMINAUTH/internal/app/admin/api/update.go:107.9,107.21 1 0
DEMOX_ADMINAUTH/internal/app/admin/api/update.go:107.21,109.4 1 0
DEMOX_ADMINAUTH/internal/app/admin/api/update.go:112.2,112.12 1 0
DEMOX_ADMINAUTH/internal/app/auth/api/create.go:18.77,20.2 1 0
DEMOX_ADMINAUTH/internal/app/auth/api/create.go:30.36,34.16 3 0
DEMOX_ADMINAUTH/internal/app/auth/api/create.go:34.16,36.3 1 0
DEMOX_ADMINAUTH/internal/app/auth/api/create.go:38.2,39.16 2 0
DEMOX_ADMINAUTH/internal/app/auth/api/create.go:39.16,41.3 1 0
DEMOX_ADMINAUTH/internal/app/auth/api/create.go:43.2,45.12 3 0
DEMOX_ADMINAUTH/internal/app/auth/api/create.go:48.62,52.78 3 0
DEMOX_ADMINAUTH/internal/app/auth/api/create.go:52.78,54.3 1 0
DEMOX_ADMINAUTH/internal/app/auth/api/create.go:56.2,56.40 1 0
DEMOX_ADMINAUTH/internal/app/auth/api/create.go:56.40,58.3 1 0
DEMOX_ADMINAUTH/internal/app/auth/api/create.go:59.2,59.12 1 0
DEMOX_ADMINAUTH/internal/app/auth/api/delete.go:19.74,21.2 1 0
DEMOX_ADMINAUTH/internal/app/auth/api/delete.go:34.33,37.16 3 0
DEMOX_ADMINAUTH/internal/app/auth/api/delete.go:37.16,39.3 1 0
DEMOX_ADMINAUTH/internal/app/auth/api/delete.go:41.2,41.40 1 0
DEMOX_ADMINAUTH/internal/app/auth/api/delete.go:41.40,43.3 1 0
DEMOX_ADMINAUTH/internal/app/auth/api/delete.go:43.8,47.3 3 0
DEMOX_ADMINAUTH/internal/app/auth/api/delete.go:50.45,54.38 4 0
DEMOX_ADMINAUTH/internal/app/auth/api/delete.go:54.38,55.40 1 0
DEMOX_ADMINAUTH/internal/app/auth/api/delete.go:55.40,57.4 1 0
DEMOX_ADMINAUTH/internal/app/auth/api/delete.go:57.9,59.4 1 0
DEMOX_ADMINAUTH/internal/app/auth/api/delete.go:61.2,62.92 2 0
DEMOX_ADMINAUTH/internal/app/auth/api/delete.go:62.92,64.3 1 0
DEMOX_ADMINAUTH/internal/app/auth/api/delete.go:66.2,66.13 1 0
DEMOX_ADMINAUTH/internal/app/auth/api/delete.go:66.13,68.3 1 0
DEMOX_ADMINAUTH/internal/app/auth/api/delete.go:70.2,70.40 1 0
DEMOX_ADMINAUTH/internal/app/auth/api/delete.go:70.40,72.3 1 0
DEMOX_ADMINAUTH/internal/app/auth/api/delete.go:73.2,73.12 1 0
DEMOX_ADMINAUTH/internal/app/auth/api/getUrl.go:20.77,22.2 1 0
DEMOX_ADMINAUTH/internal/app/auth/api/getUrl.go:31.36,34.2 2 0
DEMOX_ADMINAUTH/internal/app/auth/api/query.go:17.76,19.2 1 0
DEMOX_ADMINAUTH/internal/app/auth/api/query.go:29.35,32.16 2 0
DEMOX_ADMINAUTH/internal/app/auth/api/query.go:32.16,34.3 1 0
DEMOX_ADMINAUTH/internal/app/auth/api/query.go:34.8,37.3 2 0
DEMOX_ADMINAUTH/internal/app/auth/api/query.go:44.53,49.16 4 0
DEMOX_ADMINAUTH/internal/app/auth/api/query.go:49.16,50.161 1 0
DEMOX_ADMINAUTH/internal/app/auth/api/query.go:50.161,52.4 1 0
DEMOX_ADMINAUTH/internal/app/auth/api/query.go:53.8,54.127 1 0
DEMOX_ADMINAUTH/internal/app/auth/api/query.go:54.127,56.4 1 0
DEMOX_ADMINAUTH/internal/app/auth/api/query.go:59.2,59.17 1 0
DEMOX_ADMINAUTH/internal/app/auth/api/update.go:19.77,21.2 1 0
DEMOX_ADMINAUTH/internal/app/auth/api/update.go:32.36,35.16 3 0
DEMOX_ADMINAUTH/internal/app/auth/api/update.go:35.16,37.3 1 0
DEMOX_ADMINAUTH/internal/app/auth/api/update.go:38.2,40.16 3 0
DEMOX_ADMINAUTH/internal/app/auth/api/update.go:40.16,42.3 1 0
DEMOX_ADMINAUTH/internal/app/auth/api/update.go:43.2,45.16 3 0
DEMOX_ADMINAUTH/internal/app/auth/api/update.go:45.16,47.3 1 0
DEMOX_ADMINAUTH/internal/app/auth/api/update.go:49.2,51.12 3 0
[...]
DEMOX_ADMINAUTH/internal/app/admin/api/resetPwd.go:99.25,102.3 2 0
DEMOX_ADMINAUTH/internal/app/admin/api/resetPwd.go:103.2,103.11 1 0
DEMOX_ADMINAUTH/internal/app/admin/api/update.go:23.78,25.2 1 0
DEMOX_ADMINAUTH/internal/app/admin/api/update.go:36.37,39.16 3 0
DEMOX_ADMINAUTH/internal/app/admin/api/update.go:39.16,41.3 1 0
DEMOX_ADMINAUTH/internal/app/admin/api/update.go:42.2,44.16 3 0
DEMOX_ADMINAUTH/internal/app/admin/api/update.go:44.16,46.3 1 0
DEMOX_ADMINAUTH/internal/app/admin/api/update.go:47.2,49.16 3 0
DEMOX_ADMINAUTH/internal/app/admin/api/update.go:49.16,51.3 1 0
DEMOX_ADMINAUTH/internal/app/admin/api/update.go:52.2,53.12 2 0
DEMOX_ADMINAUTH/internal/app/admin/api/update.go:55.71,59.54 4 0
DEMOX_ADMINAUTH/internal/app/admin/api/update.go:59.54,60.40 1 0
DEMOX_ADMINAUTH/internal/app/admin/api/update.go:60.40,62.4 1 0
DEMOX_ADMINAUTH/internal/app/admin/api/update.go:62.9,64.4 1 0
DEMOX_ADMINAUTH/internal/app/admin/api/update.go:66.2,67.16 2 0
DEMOX_ADMINAUTH/internal/app/admin/api/update.go:67.16,69.3 1 0
DEMOX_ADMINAUTH/internal/app/admin/api/update.go:71.2,71.18 1 0
DEMOX_ADMINAUTH/internal/app/admin/api/update.go:71.18,73.3 1 0
DEMOX_ADMINAUTH/internal/app/admin/api/update.go:83.2,83.124 1 0
DEMOX_ADMINAUTH/internal/app/admin/api/update.go:83.124,85.3 1 0
DEMOX_ADMINAUTH/internal/app/admin/api/update.go:87.2,87.72 1 0
DEMOX_ADMINAUTH/internal/app/admin/api/update.go:87.72,89.3 1 0
DEMOX_ADMINAUTH/internal/app/admin/api/update.go:91.2,91.12 1 0
DEMOX_ADMINAUTH/internal/app/admin/api/update.go:94.70,96.20 2 0
DEMOX_ADMINAUTH/internal/app/admin/api/update.go:96.20,97.112 1 0
DEMOX_ADMINAUTH/internal/app/admin/api/update.go:97.112,99.4 1 0
DEMOX_ADMINAUTH/internal/app/admin/api/update.go:99.9,99.21 1 0
DEMOX_ADMINAUTH/internal/app/admin/api/update.go:99.21,101.4 1 0
DEMOX_ADMINAUTH/internal/app/admin/api/update.go:104.2,104.20 1 0
DEMOX_ADMINAUTH/internal/app/admin/api/update.go:104.20,105.111 1 0
DEMOX_ADMINAUTH/internal/app/admin/api/update.go:105.111,107.4 1 0
DEMOX_ADMINAUTH/internal/app/admin/api/update.go:107.9,107.21 1 0
DEMOX_ADMINAUTH/internal/app/admin/api/update.go:107.21,109.4 1 0
DEMOX_ADMINAUTH/internal/app/admin/api/update.go:112.2,112.12 1 0
DEMOX_ADMINAUTH/internal/app/auth/api/create.go:18.77,20.2 1 0
DEMOX_ADMINAUTH/internal/app/auth/api/create.go:30.36,34.16 3 0
DEMOX_ADMINAUTH/internal/app/auth/api/create.go:34.16,36.3 1 0
DEMOX_ADMINAUTH/internal/app/auth/api/create.go:38.2,39.16 2 0
DEMOX_ADMINAUTH/internal/app/auth/api/create.go:39.16,41.3 1 0
DEMOX_ADMINAUTH/internal/app/auth/api/create.go:43.2,45.12 3 0
DEMOX_ADMINAUTH/internal/app/auth/api/create.go:48.62,52.78 3 0
DEMOX_ADMINAUTH/internal/app/auth/api/create.go:52.78,54.3 1 0
DEMOX_ADMINAUTH/internal/app/auth/api/create.go:56.2,56.40 1 0
DEMOX_ADMINAUTH/internal/app/auth/api/create.go:56.40,58.3 1 0
DEMOX_ADMINAUTH/internal/app/auth/api/create.go:59.2,59.12 1 0
DEMOX_ADMINAUTH/internal/app/auth/api/delete.go:19.74,21.2 1 0
DEMOX_ADMINAUTH/internal/app/auth/api/delete.go:34.33,37.16 3 0
DEMOX_ADMINAUTH/internal/app/auth/api/delete.go:37.16,39.3 1 0
DEMOX_ADMINAUTH/internal/app/auth/api/delete.go:41.2,41.40 1 0
DEMOX_ADMINAUTH/internal/app/auth/api/delete.go:41.40,43.3 1 0
DEMOX_ADMINAUTH/internal/app/auth/api/delete.go:43.8,47.3 3 0
DEMOX_ADMINAUTH/internal/app/auth/api/delete.go:50.45,54.38 4 0
DEMOX_ADMINAUTH/internal/app/auth/api/delete.go:54.38,55.40 1 0
DEMOX_ADMINAUTH/internal/app/auth/api/delete.go:55.40,57.4 1 0
DEMOX_ADMINAUTH/internal/app/auth/api/delete.go:57.9,59.4 1 0
DEMOX_ADMINAUTH/internal/app/auth/api/delete.go:61.2,62.92 2 0
DEMOX_ADMINAUTH/internal/app/auth/api/delete.go:62.92,64.3 1 0
DEMOX_ADMINAUTH/internal/app/auth/api/delete.go:66.2,66.13 1 0
DEMOX_ADMINAUTH/internal/app/auth/api/delete.go:66.13,68.3 1 0
DEMOX_ADMINAUTH/internal/app/auth/api/delete.go:70.2,70.40 1 0
DEMOX_ADMINAUTH/internal/app/auth/api/delete.go:70.40,72.3 1 0
DEMOX_ADMINAUTH/internal/app/auth/api/delete.go:73.2,73.12 1 0
DEMOX_ADMINAUTH/internal/app/auth/api/getUrl.go:20.77,22.2 1 0
DEMOX_ADMINAUTH/internal/app/auth/api/getUrl.go:31.36,34.2 2 0
DEMOX_ADMINAUTH/internal/app/auth/api/query.go:17.76,19.2 1 0
DEMOX_ADMINAUTH/internal/app/auth/api/query.go:29.35,32.16 2 0
DEMOX_ADMINAUTH/internal/app/auth/api/query.go:32.16,34.3 1 0
DEMOX_ADMINAUTH/internal/app/auth/api/query.go:34.8,37.3 2 0
DEMOX_ADMINAUTH/internal/app/auth/api/query.go:44.53,49.16 4 0
DEMOX_ADMINAUTH/internal/app/auth/api/query.go:49.16,50.161 1 0
DEMOX_ADMINAUTH/internal/app/auth/api/query.go:50.161,52.4 1 0
DEMOX_ADMINAUTH/internal/app/auth/api/query.go:53.8,54.127 1 0
DEMOX_ADMINAUTH/internal/app/auth/api/query.go:54.127,56.4 1 0
DEMOX_ADMINAUTH/internal/app/auth/api/query.go:59.2,59.17 1 0
DEMOX_ADMINAUTH/internal/app/auth/api/update.go:19.77,21.2 1 0
DEMOX_ADMINAUTH/internal/app/auth/api/update.go:32.36,35.16 3 0
DEMOX_ADMINAUTH/internal/app/auth/api/update.go:35.16,37.3 1 0
DEMOX_ADMINAUTH/internal/app/auth/api/update.go:38.2,40.16 3 0
DEMOX_ADMINAUTH/internal/app/auth/api/update.go:40.16,42.3 1 0
DEMOX_ADMINAUTH/internal/app/auth/api/update.go:43.2,45.16 3 0
DEMOX_ADMINAUTH/internal/app/auth/api/update.go:45.16,47.3 1 0
DEMOX_ADMINAUTH/internal/app/auth/api/update.go:49.2,51.12 3 0
DEMOX_ADMINAUTH/internal/app/auth/api/update.go:54.68,58.54 4 0
DEMOX_ADMINAUTH/internal/app/auth/api/update.go:58.54,59.40 1 0
DEMOX_ADMINAUTH/internal/app/auth/api/update.go:59.40,61.4 1 0
DEMOX_ADMINAUTH/internal/app/auth/api/update.go:61.9,63.4 1 0
DEMOX_ADMINAUTH/internal/app/auth/api/update.go:66.2,66.41 1 0
DEMOX_ADMINAUTH/internal/app/auth/api/update.go:66.41,68.3 1 0
DEMOX_ADMINAUTH/internal/app/auth/api/update.go:69.2,69.12 1 0
DEMOX_ADMINAUTH/internal/app/my/api/getAuth.go:27.73,29.2 1 0
DEMOX_ADMINAUTH/internal/app/my/api/getAuth.go:43.32,46.16 2 0
DEMOX_ADMINAUTH/internal/app/my/api/getAuth.go:46.16,48.3 1 0
DEMOX_ADMINAUTH/internal/app/my/api/getAuth.go:49.2,51.22 3 0
DEMOX_ADMINAUTH/internal/app/my/api/getAuth.go:51.22,54.95 1 0
DEMOX_ADMINAUTH/internal/app/my/api/getAuth.go:54.95,55.41 1 0
DEMOX_ADMINAUTH/internal/app/my/api/getAuth.go:55.41,57.5 1 0
DEMOX_ADMINAUTH/internal/app/my/api/getAuth.go:58.4,58.18 1 0
DEMOX_ADMINAUTH/internal/app/my/api/getAuth.go:60.3,61.27 2 0
DEMOX_ADMINAUTH/internal/app/my/api/getAuth.go:61.27,65.4 3 0
DEMOX_ADMINAUTH/internal/app/my/api/getAuth.go:66.8,67.15 1 0
DEMOX_ADMINAUTH/internal/app/my/api/getAuth.go:67.15,71.4 3 0
DEMOX_ADMINAUTH/internal/app/my/api/getAuth.go:73.2,74.22 2 0
DEMOX_ADMINAUTH/internal/app/my/api/getAuth.go:74.22,75.20 1 0
DEMOX_ADMINAUTH/internal/app/my/api/getAuth.go:75.20,76.96 1 0
DEMOX_ADMINAUTH/internal/app/my/api/getAuth.go:76.96,77.42 1 0
DEMOX_ADMINAUTH/internal/app/my/api/getAuth.go:77.42,79.6 1 0
DEMOX_ADMINAUTH/internal/app/my/api/getAuth.go:80.5,80.19 1 0
DEMOX_ADMINAUTH/internal/app/my/api/getAuth.go:84.3,85.54 2 0
DEMOX_ADMINAUTH/internal/app/my/api/getAuth.go:85.54,87.4 1 0
DEMOX_ADMINAUTH/internal/app/my/api/getAuth.go:87.9,89.4 1 0
DEMOX_ADMINAUTH/internal/app/my/api/getAuth.go:90.3,92.13 3 0
DEMOX_ADMINAUTH/internal/app/my/api/getAuth.go:94.2,95.64 2 0
DEMOX_ADMINAUTH/internal/app/my/api/getAuth.go:95.64,97.3 1 0
DEMOX_ADMINAUTH/internal/app/my/api/getAuth.go:98.2,100.12 2 0
DEMOX_ADMINAUTH/internal/app/my/api/info.go:23.73,25.2 1 0
DEMOX_ADMINAUTH/internal/app/my/api/info.go:33.32,36.16 2 0
DEMOX_ADMINAUTH/internal/app/my/api/info.go:36.16,38.3 1 0
DEMOX_ADMINAUTH/internal/app/my/api/info.go:40.2,41.81 2 0
DEMOX_ADMINAUTH/internal/app/my/api/info.go:41.81,42.40 1 0
DEMOX_ADMINAUTH/internal/app/my/api/info.go:42.40,44.4 1 0
DEMOX_ADMINAUTH/internal/app/my/api/info.go:44.9,46.4 1 0
DEMOX_ADMINAUTH/internal/app/my/api/info.go:48.2,49.12 2 0
DEMOX_ADMINAUTH/internal/app/my/api/login.go:26.72,28.2 1 0
DEMOX_ADMINAUTH/internal/app/my/api/login.go:41.31,46.16 3 0
DEMOX_ADMINAUTH/internal/app/my/api/login.go:46.16,48.3 1 0
DEMOX_ADMINAUTH/internal/app/my/api/login.go:50.2,51.16 2 0
DEMOX_ADMINAUTH/internal/app/my/api/login.go:51.16,53.3 1 0
DEMOX_ADMINAUTH/internal/app/my/api/login.go:54.2,55.12 2 0
DEMOX_ADMINAUTH/internal/app/my/api/login.go:57.72,59.16 2 0
DEMOX_ADMINAUTH/internal/app/my/api/login.go:59.16,61.3 1 0
DEMOX_ADMINAUTH/internal/app/my/api/login.go:63.2,64.24 2 0
DEMOX_ADMINAUTH/internal/app/my/api/login.go:64.24,66.3 1 0
DEMOX_ADMINAUTH/internal/app/my/api/login.go:69.2,70.16 2 0
DEMOX_ADMINAUTH/internal/app/my/api/login.go:70.16,72.3 1 0
DEMOX_ADMINAUTH/internal/app/my/api/login.go:74.2,83.16 2 0
DEMOX_ADMINAUTH/internal/app/my/api/login.go:83.16,85.3 1 0
DEMOX_ADMINAUTH/internal/app/my/api/login.go:85.8,88.17 2 0
DEMOX_ADMINAUTH/internal/app/my/api/login.go:88.17,90.4 1 0
DEMOX_ADMINAUTH/internal/app/my/api/login.go:91.3,95.9 1 0
DEMOX_ADMINAUTH/internal/app/my/api/login.go:100.80,102.93 2 0
DEMOX_ADMINAUTH/internal/app/my/api/login.go:102.93,103.40 1 0
DEMOX_ADMINAUTH/internal/app/my/api/login.go:103.40,105.4 1 0
DEMOX_ADMINAUTH/internal/app/my/api/login.go:105.9,107.4 1 0
DEMOX_ADMINAUTH/internal/app/my/api/login.go:110.2,110.51 1 0
DEMOX_ADMINAUTH/internal/app/my/api/login.go:110.51,112.3 1 0
DEMOX_ADMINAUTH/internal/app/my/api/login.go:114.2,114.22 1 0
DEMOX_ADMINAUTH/internal/app/my/api/login.go:114.22,116.3 1 0
DEMOX_ADMINAUTH/internal/app/my/api/login.go:118.2,118.16 1 0
DEMOX_ADMINAUTH/internal/app/my/api/login.go:121.59,125.54 2 0
DEMOX_ADMINAUTH/internal/app/my/api/login.go:125.54,127.3 1 0
DEMOX_ADMINAUTH/internal/app/my/api/login.go:127.8,129.153 2 0
DEMOX_ADMINAUTH/internal/app/my/api/login.go:129.153,131.4 1 0
DEMOX_ADMINAUTH/internal/app/my/api/login.go:133.2,133.23 1 0
DEMOX_ADMINAUTH/internal/app/my/api/login.go:137.62,139.60 2 0
DEMOX_ADMINAUTH/internal/app/my/api/login.go:139.60,141.3 1 0
DEMOX_ADMINAUTH/internal/app/my/api/login.go:141.8,142.215 1 0
DEMOX_ADMINAUTH/internal/app/my/api/login.go:142.215,144.4 1 0
DEMOX_ADMINAUTH/internal/app/my/api/login.go:144.9,146.4 1 0
DEMOX_ADMINAUTH/internal/app/my/api/logout.go:22.73,24.2 1 0
DEMOX_ADMINAUTH/internal/app/my/api/logout.go:33.32,37.2 3 0
DEMOX_ADMINAUTH/internal/app/my/api/logout.go:39.36,42.16 2 0
DEMOX_ADMINAUTH/internal/app/my/api/logout.go:42.16,44.3 1 0
DEMOX_ADMINAUTH/internal/app/my/api/logout.go:46.2,50.12 3 0
DEMOX_ADMINAUTH/internal/app/my/api/refreshToken.go:24.79,26.2 1 0
DEMOX_ADMINAUTH/internal/app/my/api/refreshToken.go:38.38,41.40 2 0
DEMOX_ADMINAUTH/internal/app/my/api/refreshToken.go:41.40,43.3 1 0
DEMOX_ADMINAUTH/internal/app/my/api/refreshToken.go:45.2,46.16 2 0
DEMOX_ADMINAUTH/internal/app/my/api/refreshToken.go:46.16,48.3 1 0
DEMOX_ADMINAUTH/internal/app/my/api/refreshToken.go:51.2,52.16 2 0
DEMOX_ADMINAUTH/internal/app/my/api/refreshToken.go:52.16,54.3 1 0
DEMOX_ADMINAUTH/internal/app/my/api/refreshToken.go:56.2,56.28 1 0
DEMOX_ADMINAUTH/internal/app/my/api/refreshToken.go:56.28,59.3 2 0
DEMOX_ADMINAUTH/internal/app/my/api/refreshToken.go:61.2,62.16 2 0
DEMOX_ADMINAUTH/internal/app/my/api/refreshToken.go:62.16,64.3 1 0
DEMOX_ADMINAUTH/internal/app/my/api/refreshToken.go:66.2,67.12 2 0
DEMOX_ADMINAUTH/internal/app/my/api/refreshToken.go:70.72,74.16 2 0
DEMOX_ADMINAUTH/internal/app/my/api/refreshToken.go:74.16,76.3 1 0
DEMOX_ADMINAUTH/internal/app/my/api/refreshToken.go:78.2,82.13 5 0
DEMOX_ADMINAUTH/internal/app/my/api/refreshToken.go:82.13,84.3 1 0
DEMOX_ADMINAUTH/internal/app/my/api/refreshToken.go:84.8,86.3 1 0
DEMOX_ADMINAUTH/internal/app/my/api/refreshToken.go:87.2,95.16 1 0
DEMOX_ADMINAUTH/internal/app/my/api/refreshToken.go:95.16,97.3 1 0
DEMOX_ADMINAUTH/internal/app/my/api/refreshToken.go:97.8,100.17 2 0
DEMOX_ADMINAUTH/internal/app/my/api/refreshToken.go:100.17,102.4 1 0
DEMOX_ADMINAUTH/internal/app/my/api/refreshToken.go:103.3,107.9 1 0
DEMOX_ADMINAUTH/internal/app/my/api/refreshToken.go:112.69,114.60 2 0
DEMOX_ADMINAUTH/internal/app/my/api/refreshToken.go:114.60,116.3 1 0
DEMOX_ADMINAUTH/internal/app/my/api/refreshToken.go:116.8,117.215 1 0
DEMOX_ADMINAUTH/internal/app/my/api/refreshToken.go:117.215,119.4 1 0
DEMOX_ADMINAUTH/internal/app/my/api/refreshToken.go:119.9,121.4 1 0
DEMOX_ADMINAUTH/internal/app/my/api/update.go:25.75,27.2 1 0
DEMOX_ADMINAUTH/internal/app/my/api/update.go:37.34,44.16 5 0
DEMOX_ADMINAUTH/internal/app/my/api/update.go:44.16,46.3 1 0
DEMOX_ADMINAUTH/internal/app/my/api/update.go:47.2,49.16 3 0
DEMOX_ADMINAUTH/internal/app/my/api/update.go:49.16,51.3 1 0
DEMOX_ADMINAUTH/internal/app/my/api/update.go:52.2,53.12 2 0
DEMOX_ADMINAUTH/internal/app/my/api/update.go:56.59,59.84 2 0
DEMOX_ADMINAUTH/internal/app/my/api/update.go:59.84,60.40 1 0
DEMOX_ADMINAUTH/internal/app/my/api/update.go:60.40,62.4 1 0
DEMOX_ADMINAUTH/internal/app/my/api/update.go:62.9,64.4 1 0
DEMOX_ADMINAUTH/internal/app/my/api/update.go:72.2,72.110 1 0
DEMOX_ADMINAUTH/internal/app/my/api/update.go:72.110,74.3 1 0
DEMOX_ADMINAUTH/internal/app/my/api/update.go:75.2,75.12 1 0
DEMOX_ADMINAUTH/internal/app/my/api/update.go:79.55,82.20 2 0
DEMOX_ADMINAUTH/internal/app/my/api/update.go:82.20,83.94 1 0
DEMOX_ADMINAUTH/internal/app/my/api/update.go:83.94,85.4 1 0
DEMOX_ADMINAUTH/internal/app/my/api/update.go:85.9,85.21 1 0
DEMOX_ADMINAUTH/internal/app/my/api/update.go:85.21,87.4 1 0
DEMOX_ADMINAUTH/internal/app/my/api/update.go:90.2,90.20 1 0
DEMOX_ADMINAUTH/internal/app/my/api/update.go:90.20,91.92 1 0
DEMOX_ADMINAUTH/internal/app/my/api/update.go:91.92,93.4 1 0
DEMOX_ADMINAUTH/internal/app/my/api/update.go:93.9,93.21 1 0
DEMOX_ADMINAUTH/internal/app/my/api/update.go:93.21,95.4 1 0
DEMOX_ADMINAUTH/internal/app/my/api/update.go:97.2,97.12 1 0
DEMOX_ADMINAUTH/internal/app/my/api/updatePwd.go:26.78,28.2 1 0
DEMOX_ADMINAUTH/internal/app/my/api/updatePwd.go:38.35,45.16 5 0
DEMOX_ADMINAUTH/internal/app/my/api/updatePwd.go:45.16,47.3 1 0
DEMOX_ADMINAUTH/internal/app/my/api/updatePwd.go:48.2,49.16 2 0
DEMOX_ADMINAUTH/internal/app/my/api/updatePwd.go:49.16,51.3 1 0
DEMOX_ADMINAUTH/internal/app/my/api/updatePwd.go:52.2,53.12 2 0
DEMOX_ADMINAUTH/internal/app/my/api/updatePwd.go:56.78,58.78 2 0
DEMOX_ADMINAUTH/internal/app/my/api/updatePwd.go:58.78,60.3 1 0
DEMOX_ADMINAUTH/internal/app/my/api/updatePwd.go:63.2,63.51 1 0
DEMOX_ADMINAUTH/internal/app/my/api/updatePwd.go:63.51,65.3 1 0
DEMOX_ADMINAUTH/internal/app/my/api/updatePwd.go:66.2,70.16 4 0
DEMOX_ADMINAUTH/internal/app/role/api/create.go:18.77,20.2 1 0
DEMOX_ADMINAUTH/internal/app/role/api/create.go:30.36,34.16 3 0
DEMOX_ADMINAUTH/internal/app/role/api/create.go:34.16,36.3 1 0
DEMOX_ADMINAUTH/internal/app/role/api/create.go:38.2,39.16 2 0
DEMOX_ADMINAUTH/internal/app/role/api/create.go:39.16,41.3 1 0
DEMOX_ADMINAUTH/internal/app/role/api/create.go:42.2,43.12 2 0
DEMOX_ADMINAUTH/internal/app/role/api/create.go:46.62,50.81 3 0
DEMOX_ADMINAUTH/internal/app/role/api/create.go:50.81,52.3 1 0
DEMOX_ADMINAUTH/internal/app/role/api/create.go:54.2,54.40 1 0
DEMOX_ADMINAUTH/internal/app/role/api/create.go:54.40,56.3 1 0
DEMOX_ADMINAUTH/internal/app/role/api/create.go:57.2,57.12 1 0
DEMOX_ADMINAUTH/internal/app/role/api/delete.go:19.74,21.2 1 0
DEMOX_ADMINAUTH/internal/app/role/api/delete.go:33.33,36.16 3 0
DEMOX_ADMINAUTH/internal/app/role/api/delete.go:36.16,38.3 1 0
DEMOX_ADMINAUTH/internal/app/role/api/delete.go:39.2,39.40 1 0
DEMOX_ADMINAUTH/internal/app/role/api/delete.go:39.40,41.3 1 0
DEMOX_ADMINAUTH/internal/app/role/api/delete.go:41.8,44.3 2 0
DEMOX_ADMINAUTH/internal/app/role/api/delete.go:47.45,51.38 4 0
DEMOX_ADMINAUTH/internal/app/role/api/delete.go:51.38,52.40 1 0
DEMOX_ADMINAUTH/internal/app/role/api/delete.go:52.40,54.4 1 0
DEMOX_ADMINAUTH/internal/app/role/api/delete.go:54.9,56.4 1 0
DEMOX_ADMINAUTH/internal/app/role/api/delete.go:58.2,58.40 1 0
DEMOX_ADMINAUTH/internal/app/role/api/delete.go:58.40,60.3 1 0
DEMOX_ADMINAUTH/internal/app/role/api/delete.go:62.2,63.12 2 0
DEMOX_ADMINAUTH/internal/app/role/api/query.go:19.76,21.2 1 0
DEMOX_ADMINAUTH/internal/app/role/api/query.go:35.35,38.16 2 0
DEMOX_ADMINAUTH/internal/app/role/api/query.go:38.16,40.3 1 0
DEMOX_ADMINAUTH/internal/app/role/api/query.go:40.8,43.3 2 0
DEMOX_ADMINAUTH/internal/app/role/api/query.go:51.53,55.44 4 0
DEMOX_ADMINAUTH/internal/app/role/api/query.go:55.44,58.3 2 0
DEMOX_ADMINAUTH/internal/app/role/api/query.go:59.2,59.15 1 0
DEMOX_ADMINAUTH/internal/app/role/api/setAuth.go:21.74,23.2 1 0
DEMOX_ADMINAUTH/internal/app/role/api/setAuth.go:34.33,37.16 3 0
DEMOX_ADMINAUTH/internal/app/role/api/setAuth.go:37.16,39.3 1 0
DEMOX_ADMINAUTH/internal/app/role/api/setAuth.go:41.2,43.16 3 0
DEMOX_ADMINAUTH/internal/app/role/api/setAuth.go:43.16,45.3 1 0
DEMOX_ADMINAUTH/internal/app/role/api/setAuth.go:46.2,47.40 2 0
DEMOX_ADMINAUTH/internal/app/role/api/setAuth.go:47.40,49.3 1 0
DEMOX_ADMINAUTH/internal/app/role/api/setAuth.go:50.2,51.12 2 0
DEMOX_ADMINAUTH/internal/app/role/api/setAuth.go:54.63,57.54 3 0
DEMOX_ADMINAUTH/internal/app/role/api/setAuth.go:57.54,58.40 1 0
DEMOX_ADMINAUTH/internal/app/role/api/setAuth.go:58.40,60.4 1 0
DEMOX_ADMINAUTH/internal/app/role/api/setAuth.go:60.9,62.4 1 0
DEMOX_ADMINAUTH/internal/app/role/api/setAuth.go:67.2,67.41 1 0
DEMOX_ADMINAUTH/internal/app/role/api/setAuth.go:67.41,69.3 1 0
DEMOX_ADMINAUTH/internal/app/role/api/setAuth.go:71.2,73.12 3 0
DEMOX_ADMINAUTH/internal/app/role/api/update.go:21.77,23.2 1 0
DEMOX_ADMINAUTH/internal/app/role/api/update.go:34.36,37.16 3 0
DEMOX_ADMINAUTH/internal/app/role/api/update.go:37.16,39.3 1 0
DEMOX_ADMINAUTH/internal/app/role/api/update.go:40.2,42.16 3 0
DEMOX_ADMINAUTH/internal/app/role/api/update.go:42.16,44.3 1 0
DEMOX_ADMINAUTH/internal/app/role/api/update.go:45.2,47.16 3 0
DEMOX_ADMINAUTH/internal/app/role/api/update.go:47.16,49.3 1 0
DEMOX_ADMINAUTH/internal/app/role/api/update.go:50.2,51.12 2 0
DEMOX_ADMINAUTH/internal/app/role/api/update.go:54.64,57.54 3 0
DEMOX_ADMINAUTH/internal/app/role/api/update.go:57.54,58.40 1 0
DEMOX_ADMINAUTH/internal/app/role/api/update.go:58.40,60.4 1 0
DEMOX_ADMINAUTH/internal/app/role/api/update.go:60.9,62.4 1 0
DEMOX_ADMINAUTH/internal/app/role/api/update.go:66.2,66.41 1 0
DEMOX_ADMINAUTH/internal/app/role/api/update.go:66.41,68.3 1 0
DEMOX_ADMINAUTH/internal/app/role/api/update.go:70.2,70.31 1 0
DEMOX_ADMINAUTH/internal/app/role/api/update.go:70.31,74.3 2 0
DEMOX_ADMINAUTH/internal/app/role/api/update.go:76.2,76.12 1 0
DEMOX_ADMINAUTH/internal/app/sys/api/act.go:19.73,21.2 1 1
DEMOX_ADMINAUTH/internal/app/sys/api/act.go:31.32,34.16 3 1
DEMOX_ADMINAUTH/internal/app/sys/api/act.go:34.16,36.3 1 0
DEMOX_ADMINAUTH/internal/app/sys/api/act.go:38.2,39.16 2 1
DEMOX_ADMINAUTH/internal/app/sys/api/act.go:39.16,41.3 1 0
DEMOX_ADMINAUTH/internal/app/sys/api/act.go:43.2,43.14 1 1
DEMOX_ADMINAUTH/internal/app/sys/api/act.go:44.15,45.38 1 1
DEMOX_ADMINAUTH/internal/app/sys/api/act.go:45.38,46.23 1 1
DEMOX_ADMINAUTH/internal/app/sys/api/act.go:46.23,48.5 1 0
DEMOX_ADMINAUTH/internal/app/sys/api/act.go:48.10,48.30 1 1
DEMOX_ADMINAUTH/internal/app/sys/api/act.go:48.30,50.5 1 1
DEMOX_ADMINAUTH/internal/app/sys/api/act.go:50.10,52.5 1 0
DEMOX_ADMINAUTH/internal/app/sys/api/act.go:53.9,55.4 1 0
DEMOX_ADMINAUTH/internal/app/sys/api/act.go:56.16,57.37 1 1
DEMOX_ADMINAUTH/internal/app/sys/api/act.go:57.37,58.23 1 1
DEMOX_ADMINAUTH/internal/app/sys/api/act.go:58.23,60.5 1 0
DEMOX_ADMINAUTH/internal/app/sys/api/act.go:60.10,60.30 1 1
DEMOX_ADMINAUTH/internal/app/sys/api/act.go:60.30,62.5 1 1
DEMOX_ADMINAUTH/internal/app/sys/api/act.go:62.10,64.5 1 0
DEMOX_ADMINAUTH/internal/app/sys/api/act.go:65.9,67.4 1 0
DEMOX_ADMINAUTH/internal/app/sys/api/act.go:68.10,69.36 1 0
DEMOX_ADMINAUTH/internal/app/sys/api/act.go:71.2,72.12 2 1
DEMOX_ADMINAUTH/internal/app/sys/api/info.go:19.75,21.2 1 1
DEMOX_ADMINAUTH/internal/app/sys/api/info.go:29.34,33.35 4 1
DEMOX_ADMINAUTH/internal/app/sys/api/info.go:33.35,35.3 1 1
DEMOX_ADMINAUTH/internal/app/sys/api/info.go:35.8,37.3 1 0
DEMOX_ADMINAUTH/internal/app/sys/api/info.go:39.2,39.22 1 1
DEMOX_ADMINAUTH/internal/app/sys/api/info.go:39.22,41.3 1 1
DEMOX_ADMINAUTH/internal/app/sys/api/info.go:41.8,43.3 1 0
DEMOX_ADMINAUTH/internal/app/sys/api/info.go:45.2,46.12 2 1
